{"C:\\Users\\S566606\\Desktop\\GDP2\\foodieFinds-final\\src\\emails.js": {"path":"C:\\Users\\S566606\\Desktop\\GDP2\\foodieFinds-final\\src\\emails.js","statementMap":{"0":{"start":{"line":1,"column":19},"end":{"line":1,"column":40}},"1":{"start":{"line":2,"column":13},"end":{"line":2,"column":39}},"2":{"start":{"line":3,"column":18},"end":{"line":3,"column":38}},"3":{"start":{"line":4,"column":17},"end":{"line":4,"column":43}},"4":{"start":{"line":6,"column":16},"end":{"line":32,"column":1}},"5":{"start":{"line":7,"column":24},"end":{"line":12,"column":6}},"6":{"start":{"line":14,"column":22},"end":{"line":20,"column":6}},"7":{"start":{"line":22,"column":4},"end":{"line":31,"column":7}},"8":{"start":{"line":23,"column":8},"end":{"line":30,"column":11}},"9":{"start":{"line":24,"column":12},"end":{"line":29,"column":13}},"10":{"start":{"line":25,"column":16},"end":{"line":25,"column":28}},"11":{"start":{"line":27,"column":16},"end":{"line":27,"column":42}},"12":{"start":{"line":28,"column":16},"end":{"line":28,"column":26}},"13":{"start":{"line":34,"column":22},"end":{"line":60,"column":1}},"14":{"start":{"line":35,"column":24},"end":{"line":40,"column":6}},"15":{"start":{"line":42,"column":22},"end":{"line":48,"column":6}},"16":{"start":{"line":50,"column":4},"end":{"line":59,"column":7}},"17":{"start":{"line":51,"column":8},"end":{"line":58,"column":11}},"18":{"start":{"line":52,"column":12},"end":{"line":57,"column":13}},"19":{"start":{"line":53,"column":16},"end":{"line":53,"column":28}},"20":{"start":{"line":55,"column":16},"end":{"line":55,"column":42}},"21":{"start":{"line":56,"column":16},"end":{"line":56,"column":26}},"22":{"start":{"line":62,"column":0},"end":{"line":64,"column":1}}},"fnMap":{"0":{"name":"(anonymous_0)","decl":{"start":{"line":6,"column":16},"end":{"line":6,"column":17}},"loc":{"start":{"line":6,"column":31},"end":{"line":32,"column":1}},"line":6},"1":{"name":"(anonymous_1)","decl":{"start":{"line":22,"column":23},"end":{"line":22,"column":24}},"loc":{"start":{"line":22,"column":44},"end":{"line":31,"column":5}},"line":22},"2":{"name":"(anonymous_2)","decl":{"start":{"line":23,"column":42},"end":{"line":23,"column":43}},"loc":{"start":{"line":23,"column":51},"end":{"line":30,"column":9}},"line":23},"3":{"name":"(anonymous_3)","decl":{"start":{"line":34,"column":22},"end":{"line":34,"column":23}},"loc":{"start":{"line":34,"column":37},"end":{"line":60,"column":1}},"line":34},"4":{"name":"(anonymous_4)","decl":{"start":{"line":50,"column":23},"end":{"line":50,"column":24}},"loc":{"start":{"line":50,"column":44},"end":{"line":59,"column":5}},"line":50},"5":{"name":"(anonymous_5)","decl":{"start":{"line":51,"column":42},"end":{"line":51,"column":43}},"loc":{"start":{"line":51,"column":51},"end":{"line":58,"column":9}},"line":51}},"branchMap":{"0":{"loc":{"start":{"line":24,"column":12},"end":{"line":29,"column":13}},"type":"if","locations":[{"start":{"line":24,"column":12},"end":{"line":29,"column":13}},{"start":{"line":26,"column":19},"end":{"line":29,"column":13}}],"line":24},"1":{"loc":{"start":{"line":52,"column":12},"end":{"line":57,"column":13}},"type":"if","locations":[{"start":{"line":52,"column":12},"end":{"line":57,"column":13}},{"start":{"line":54,"column":19},"end":{"line":57,"column":13}}],"line":52}},"s":{"0":2,"1":2,"2":2,"3":2,"4":2,"5":0,"6":0,"7":0,"8":0,"9":0,"10":0,"11":0,"12":0,"13":2,"14":0,"15":0,"16":0,"17":0,"18":0,"19":0,"20":0,"21":0,"22":2},"f":{"0":0,"1":0,"2":0,"3":0,"4":0,"5":0},"b":{"0":[0,0],"1":[0,0]},"_coverageSchema":"1a1c01bbd47fc00a2c39e90264f33305004495a9","hash":"5dd3e4b8ae67c4b32d421d0bc17c497658360e33"}
,"C:\\Users\\S566606\\Desktop\\GDP2\\foodieFinds-final\\src\\Controllers\\Controllers.js": {"path":"C:\\Users\\S566606\\Desktop\\GDP2\\foodieFinds-final\\src\\Controllers\\Controllers.js","statementMap":{"0":{"start":{"line":1,"column":19},"end":{"line":1,"column":54}},"1":{"start":{"line":2,"column":18},"end":{"line":2,"column":51}},"2":{"start":{"line":3,"column":19},"end":{"line":3,"column":58}},"3":{"start":{"line":4,"column":19},"end":{"line":4,"column":43}},"4":{"start":{"line":5,"column":30},"end":{"line":5,"column":63}},"5":{"start":{"line":7,"column":13},"end":{"line":7,"column":39}},"6":{"start":{"line":8,"column":21},"end":{"line":8,"column":44}},"7":{"start":{"line":9,"column":9},"end":{"line":11,"column":1}},"8":{"start":{"line":14,"column":0},"end":{"line":18,"column":3}},"9":{"start":{"line":23,"column":19},"end":{"line":40,"column":1}},"10":{"start":{"line":24,"column":4},"end":{"line":39,"column":5}},"11":{"start":{"line":25,"column":8},"end":{"line":35,"column":9}},"12":{"start":{"line":26,"column":40},"end":{"line":26,"column":48}},"13":{"start":{"line":27,"column":30},"end":{"line":27,"column":80}},"14":{"start":{"line":29,"column":12},"end":{"line":32,"column":13}},"15":{"start":{"line":30,"column":16},"end":{"line":30,"column":66}},"16":{"start":{"line":31,"column":16},"end":{"line":31,"column":22}},"17":{"start":{"line":34,"column":12},"end":{"line":34,"column":53}},"18":{"start":{"line":38,"column":8},"end":{"line":38,"column":46}},"19":{"start":{"line":43,"column":27},"end":{"line":61,"column":1}},"20":{"start":{"line":44,"column":4},"end":{"line":60,"column":5}},"21":{"start":{"line":45,"column":8},"end":{"line":56,"column":9}},"22":{"start":{"line":46,"column":25},"end":{"line":46,"column":49}},"23":{"start":{"line":47,"column":12},"end":{"line":47,"column":30}},"24":{"start":{"line":49,"column":12},"end":{"line":53,"column":13}},"25":{"start":{"line":51,"column":15},"end":{"line":51,"column":80}},"26":{"start":{"line":52,"column":15},"end":{"line":52,"column":21}},"27":{"start":{"line":54,"column":12},"end":{"line":54,"column":66}},"28":{"start":{"line":55,"column":12},"end":{"line":55,"column":18}},"29":{"start":{"line":59,"column":8},"end":{"line":59,"column":72}},"30":{"start":{"line":63,"column":19},"end":{"line":81,"column":1}},"31":{"start":{"line":64,"column":4},"end":{"line":80,"column":5}},"32":{"start":{"line":65,"column":8},"end":{"line":76,"column":9}},"33":{"start":{"line":66,"column":30},"end":{"line":66,"column":44}},"34":{"start":{"line":68,"column":34},"end":{"line":68,"column":77}},"35":{"start":{"line":69,"column":16},"end":{"line":69,"column":62}},"36":{"start":{"line":70,"column":16},"end":{"line":70,"column":42}},"37":{"start":{"line":71,"column":16},"end":{"line":73,"column":27}},"38":{"start":{"line":72,"column":20},"end":{"line":72,"column":44}},"39":{"start":{"line":75,"column":16},"end":{"line":75,"column":70}},"40":{"start":{"line":79,"column":8},"end":{"line":79,"column":52}},"41":{"start":{"line":83,"column":17},"end":{"line":97,"column":1}},"42":{"start":{"line":84,"column":4},"end":{"line":96,"column":5}},"43":{"start":{"line":85,"column":29},"end":{"line":85,"column":37}},"44":{"start":{"line":86,"column":8},"end":{"line":91,"column":11}},"45":{"start":{"line":87,"column":12},"end":{"line":87,"column":61}},"46":{"start":{"line":88,"column":12},"end":{"line":88,"column":31}},"47":{"start":{"line":90,"column":12},"end":{"line":90,"column":55}},"48":{"start":{"line":95,"column":8},"end":{"line":95,"column":73}},"49":{"start":{"line":100,"column":22},"end":{"line":118,"column":1}},"50":{"start":{"line":101,"column":4},"end":{"line":117,"column":5}},"51":{"start":{"line":102,"column":36},"end":{"line":102,"column":44}},"52":{"start":{"line":105,"column":21},"end":{"line":105,"column":56}},"53":{"start":{"line":106,"column":8},"end":{"line":108,"column":9}},"54":{"start":{"line":107,"column":12},"end":{"line":107,"column":96}},"55":{"start":{"line":110,"column":8},"end":{"line":110,"column":32}},"56":{"start":{"line":112,"column":8},"end":{"line":112,"column":26}},"57":{"start":{"line":114,"column":8},"end":{"line":114,"column":90}},"58":{"start":{"line":116,"column":8},"end":{"line":116,"column":96}},"59":{"start":{"line":120,"column":23},"end":{"line":131,"column":1}},"60":{"start":{"line":121,"column":4},"end":{"line":130,"column":5}},"61":{"start":{"line":122,"column":28},"end":{"line":122,"column":51}},"62":{"start":{"line":123,"column":8},"end":{"line":126,"column":67}},"63":{"start":{"line":124,"column":12},"end":{"line":124,"column":111}},"64":{"start":{"line":126,"column":12},"end":{"line":126,"column":67}},"65":{"start":{"line":129,"column":8},"end":{"line":129,"column":45}},"66":{"start":{"line":133,"column":22},"end":{"line":154,"column":1}},"67":{"start":{"line":134,"column":4},"end":{"line":153,"column":5}},"68":{"start":{"line":136,"column":91},"end":{"line":136,"column":99}},"69":{"start":{"line":137,"column":23},"end":{"line":137,"column":52}},"70":{"start":{"line":139,"column":30},"end":{"line":147,"column":10}},"71":{"start":{"line":149,"column":32},"end":{"line":149,"column":58}},"72":{"start":{"line":150,"column":8},"end":{"line":150,"column":104}},"73":{"start":{"line":152,"column":8},"end":{"line":152,"column":53}},"74":{"start":{"line":156,"column":22},"end":{"line":170,"column":1}},"75":{"start":{"line":157,"column":4},"end":{"line":169,"column":5}},"76":{"start":{"line":158,"column":23},"end":{"line":158,"column":33}},"77":{"start":{"line":160,"column":27},"end":{"line":160,"column":56}},"78":{"start":{"line":162,"column":8},"end":{"line":164,"column":9}},"79":{"start":{"line":163,"column":12},"end":{"line":163,"column":77}},"80":{"start":{"line":165,"column":26},"end":{"line":165,"column":68}},"81":{"start":{"line":166,"column":8},"end":{"line":166,"column":85}},"82":{"start":{"line":168,"column":8},"end":{"line":168,"column":91}},"83":{"start":{"line":172,"column":23},"end":{"line":201,"column":1}},"84":{"start":{"line":173,"column":4},"end":{"line":200,"column":5}},"85":{"start":{"line":174,"column":23},"end":{"line":174,"column":33}},"86":{"start":{"line":175,"column":107},"end":{"line":175,"column":115}},"87":{"start":{"line":176,"column":23},"end":{"line":176,"column":59}},"88":{"start":{"line":178,"column":28},"end":{"line":186,"column":9}},"89":{"start":{"line":187,"column":8},"end":{"line":187,"column":32}},"90":{"start":{"line":188,"column":8},"end":{"line":188,"column":50}},"91":{"start":{"line":188,"column":20},"end":{"line":188,"column":50}},"92":{"start":{"line":190,"column":34},"end":{"line":190,"column":100}},"93":{"start":{"line":192,"column":8},"end":{"line":194,"column":9}},"94":{"start":{"line":193,"column":12},"end":{"line":193,"column":77}},"95":{"start":{"line":196,"column":8},"end":{"line":196,"column":108}},"96":{"start":{"line":198,"column":8},"end":{"line":198,"column":24}},"97":{"start":{"line":199,"column":8},"end":{"line":199,"column":53}},"98":{"start":{"line":203,"column":25},"end":{"line":217,"column":1}},"99":{"start":{"line":204,"column":4},"end":{"line":216,"column":5}},"100":{"start":{"line":205,"column":23},"end":{"line":205,"column":33}},"101":{"start":{"line":207,"column":34},"end":{"line":207,"column":72}},"102":{"start":{"line":209,"column":8},"end":{"line":211,"column":9}},"103":{"start":{"line":210,"column":12},"end":{"line":210,"column":77}},"104":{"start":{"line":213,"column":8},"end":{"line":213,"column":77}},"105":{"start":{"line":215,"column":8},"end":{"line":215,"column":53}},"106":{"start":{"line":219,"column":16},"end":{"line":245,"column":1}},"107":{"start":{"line":220,"column":4},"end":{"line":244,"column":5}},"108":{"start":{"line":221,"column":73},"end":{"line":221,"column":81}},"109":{"start":{"line":222,"column":26},"end":{"line":222,"column":55}},"110":{"start":{"line":224,"column":27},"end":{"line":224,"column":66}},"111":{"start":{"line":225,"column":8},"end":{"line":227,"column":9}},"112":{"start":{"line":226,"column":12},"end":{"line":226,"column":75}},"113":{"start":{"line":229,"column":25},"end":{"line":235,"column":9}},"114":{"start":{"line":237,"column":8},"end":{"line":237,"column":40}},"115":{"start":{"line":238,"column":8},"end":{"line":238,"column":32}},"116":{"start":{"line":240,"column":8},"end":{"line":240,"column":90}},"117":{"start":{"line":243,"column":8},"end":{"line":243,"column":88}},"118":{"start":{"line":247,"column":29},"end":{"line":272,"column":1}},"119":{"start":{"line":248,"column":4},"end":{"line":271,"column":5}},"120":{"start":{"line":249,"column":50},"end":{"line":249,"column":59}},"121":{"start":{"line":251,"column":27},"end":{"line":251,"column":66}},"122":{"start":{"line":252,"column":8},"end":{"line":254,"column":9}},"123":{"start":{"line":253,"column":12},"end":{"line":253,"column":77}},"124":{"start":{"line":256,"column":26},"end":{"line":258,"column":9}},"125":{"start":{"line":257,"column":20},"end":{"line":257,"column":82}},"126":{"start":{"line":260,"column":8},"end":{"line":262,"column":9}},"127":{"start":{"line":261,"column":12},"end":{"line":261,"column":76}},"128":{"start":{"line":264,"column":8},"end":{"line":264,"column":46}},"129":{"start":{"line":265,"column":8},"end":{"line":265,"column":32}},"130":{"start":{"line":267,"column":8},"end":{"line":267,"column":76}},"131":{"start":{"line":270,"column":8},"end":{"line":270,"column":90}},"132":{"start":{"line":275,"column":27},"end":{"line":292,"column":1}},"133":{"start":{"line":276,"column":4},"end":{"line":290,"column":5}},"134":{"start":{"line":277,"column":29},"end":{"line":280,"column":10}},"135":{"start":{"line":282,"column":8},"end":{"line":284,"column":9}},"136":{"start":{"line":283,"column":12},"end":{"line":283,"column":78}},"137":{"start":{"line":286,"column":8},"end":{"line":286,"column":79}},"138":{"start":{"line":288,"column":9},"end":{"line":288,"column":28}},"139":{"start":{"line":289,"column":8},"end":{"line":289,"column":72}},"140":{"start":{"line":295,"column":24},"end":{"line":308,"column":5}},"141":{"start":{"line":296,"column":8},"end":{"line":307,"column":9}},"142":{"start":{"line":297,"column":26},"end":{"line":297,"column":48}},"143":{"start":{"line":299,"column":12},"end":{"line":301,"column":13}},"144":{"start":{"line":300,"column":16},"end":{"line":300,"column":75}},"145":{"start":{"line":303,"column":12},"end":{"line":303,"column":69}},"146":{"start":{"line":306,"column":12},"end":{"line":306,"column":68}},"147":{"start":{"line":310,"column":22},"end":{"line":327,"column":5}},"148":{"start":{"line":311,"column":8},"end":{"line":326,"column":9}},"149":{"start":{"line":312,"column":23},"end":{"line":312,"column":39}},"150":{"start":{"line":313,"column":25},"end":{"line":313,"column":53}},"151":{"start":{"line":315,"column":12},"end":{"line":320,"column":13}},"152":{"start":{"line":316,"column":16},"end":{"line":316,"column":36}},"153":{"start":{"line":317,"column":16},"end":{"line":317,"column":34}},"154":{"start":{"line":318,"column":16},"end":{"line":318,"column":91}},"155":{"start":{"line":319,"column":16},"end":{"line":319,"column":23}},"156":{"start":{"line":322,"column":12},"end":{"line":322,"column":62}},"157":{"start":{"line":325,"column":12},"end":{"line":325,"column":83}},"158":{"start":{"line":329,"column":24},"end":{"line":346,"column":5}},"159":{"start":{"line":330,"column":8},"end":{"line":345,"column":9}},"160":{"start":{"line":331,"column":23},"end":{"line":331,"column":39}},"161":{"start":{"line":332,"column":25},"end":{"line":332,"column":53}},"162":{"start":{"line":334,"column":12},"end":{"line":339,"column":13}},"163":{"start":{"line":335,"column":16},"end":{"line":335,"column":37}},"164":{"start":{"line":336,"column":16},"end":{"line":336,"column":34}},"165":{"start":{"line":337,"column":16},"end":{"line":337,"column":81}},"166":{"start":{"line":338,"column":16},"end":{"line":338,"column":23}},"167":{"start":{"line":341,"column":12},"end":{"line":341,"column":62}},"168":{"start":{"line":344,"column":12},"end":{"line":344,"column":83}},"169":{"start":{"line":351,"column":0},"end":{"line":368,"column":1}}},"fnMap":{"0":{"name":"(anonymous_0)","decl":{"start":{"line":23,"column":19},"end":{"line":23,"column":20}},"loc":{"start":{"line":23,"column":37},"end":{"line":40,"column":1}},"line":23},"1":{"name":"(anonymous_1)","decl":{"start":{"line":43,"column":27},"end":{"line":43,"column":28}},"loc":{"start":{"line":43,"column":45},"end":{"line":61,"column":1}},"line":43},"2":{"name":"(anonymous_2)","decl":{"start":{"line":63,"column":19},"end":{"line":63,"column":20}},"loc":{"start":{"line":63,"column":38},"end":{"line":81,"column":1}},"line":63},"3":{"name":"(anonymous_3)","decl":{"start":{"line":71,"column":27},"end":{"line":71,"column":28}},"loc":{"start":{"line":71,"column":33},"end":{"line":73,"column":17}},"line":71},"4":{"name":"(anonymous_4)","decl":{"start":{"line":83,"column":17},"end":{"line":83,"column":18}},"loc":{"start":{"line":83,"column":35},"end":{"line":97,"column":1}},"line":83},"5":{"name":"(anonymous_5)","decl":{"start":{"line":100,"column":22},"end":{"line":100,"column":23}},"loc":{"start":{"line":100,"column":42},"end":{"line":118,"column":1}},"line":100},"6":{"name":"(anonymous_6)","decl":{"start":{"line":120,"column":23},"end":{"line":120,"column":24}},"loc":{"start":{"line":120,"column":43},"end":{"line":131,"column":1}},"line":120},"7":{"name":"(anonymous_7)","decl":{"start":{"line":133,"column":22},"end":{"line":133,"column":23}},"loc":{"start":{"line":133,"column":42},"end":{"line":154,"column":1}},"line":133},"8":{"name":"(anonymous_8)","decl":{"start":{"line":156,"column":22},"end":{"line":156,"column":23}},"loc":{"start":{"line":156,"column":42},"end":{"line":170,"column":1}},"line":156},"9":{"name":"(anonymous_9)","decl":{"start":{"line":172,"column":23},"end":{"line":172,"column":24}},"loc":{"start":{"line":172,"column":43},"end":{"line":201,"column":1}},"line":172},"10":{"name":"(anonymous_10)","decl":{"start":{"line":203,"column":25},"end":{"line":203,"column":26}},"loc":{"start":{"line":203,"column":45},"end":{"line":217,"column":1}},"line":203},"11":{"name":"(anonymous_11)","decl":{"start":{"line":219,"column":16},"end":{"line":219,"column":17}},"loc":{"start":{"line":219,"column":36},"end":{"line":245,"column":1}},"line":219},"12":{"name":"(anonymous_12)","decl":{"start":{"line":247,"column":29},"end":{"line":247,"column":30}},"loc":{"start":{"line":247,"column":49},"end":{"line":272,"column":1}},"line":247},"13":{"name":"(anonymous_13)","decl":{"start":{"line":257,"column":12},"end":{"line":257,"column":13}},"loc":{"start":{"line":257,"column":20},"end":{"line":257,"column":82}},"line":257},"14":{"name":"(anonymous_14)","decl":{"start":{"line":275,"column":27},"end":{"line":275,"column":28}},"loc":{"start":{"line":275,"column":47},"end":{"line":292,"column":1}},"line":275},"15":{"name":"(anonymous_15)","decl":{"start":{"line":295,"column":24},"end":{"line":295,"column":25}},"loc":{"start":{"line":295,"column":44},"end":{"line":308,"column":5}},"line":295},"16":{"name":"(anonymous_16)","decl":{"start":{"line":310,"column":22},"end":{"line":310,"column":23}},"loc":{"start":{"line":310,"column":42},"end":{"line":327,"column":5}},"line":310},"17":{"name":"(anonymous_17)","decl":{"start":{"line":329,"column":24},"end":{"line":329,"column":25}},"loc":{"start":{"line":329,"column":44},"end":{"line":346,"column":5}},"line":329}},"branchMap":{"0":{"loc":{"start":{"line":25,"column":8},"end":{"line":35,"column":9}},"type":"if","locations":[{"start":{"line":25,"column":8},"end":{"line":35,"column":9}},{"start":{},"end":{}}],"line":25},"1":{"loc":{"start":{"line":29,"column":12},"end":{"line":32,"column":13}},"type":"if","locations":[{"start":{"line":29,"column":12},"end":{"line":32,"column":13}},{"start":{},"end":{}}],"line":29},"2":{"loc":{"start":{"line":45,"column":8},"end":{"line":56,"column":9}},"type":"if","locations":[{"start":{"line":45,"column":8},"end":{"line":56,"column":9}},{"start":{},"end":{}}],"line":45},"3":{"loc":{"start":{"line":49,"column":12},"end":{"line":53,"column":13}},"type":"if","locations":[{"start":{"line":49,"column":12},"end":{"line":53,"column":13}},{"start":{},"end":{}}],"line":49},"4":{"loc":{"start":{"line":65,"column":8},"end":{"line":76,"column":9}},"type":"if","locations":[{"start":{"line":65,"column":8},"end":{"line":76,"column":9}},{"start":{},"end":{}}],"line":65},"5":{"loc":{"start":{"line":86,"column":8},"end":{"line":91,"column":11}},"type":"if","locations":[{"start":{"line":86,"column":8},"end":{"line":91,"column":11}},{"start":{"line":89,"column":17},"end":{"line":91,"column":11}}],"line":86},"6":{"loc":{"start":{"line":86,"column":12},"end":{"line":86,"column":68}},"type":"binary-expr","locations":[{"start":{"line":86,"column":12},"end":{"line":86,"column":23}},{"start":{"line":86,"column":27},"end":{"line":86,"column":68}}],"line":86},"7":{"loc":{"start":{"line":106,"column":8},"end":{"line":108,"column":9}},"type":"if","locations":[{"start":{"line":106,"column":8},"end":{"line":108,"column":9}},{"start":{},"end":{}}],"line":106},"8":{"loc":{"start":{"line":123,"column":8},"end":{"line":126,"column":67}},"type":"if","locations":[{"start":{"line":123,"column":8},"end":{"line":126,"column":67}},{"start":{"line":126,"column":12},"end":{"line":126,"column":67}}],"line":123},"9":{"loc":{"start":{"line":137,"column":23},"end":{"line":137,"column":52}},"type":"cond-expr","locations":[{"start":{"line":137,"column":34},"end":{"line":137,"column":47}},{"start":{"line":137,"column":50},"end":{"line":137,"column":52}}],"line":137},"10":{"loc":{"start":{"line":162,"column":8},"end":{"line":164,"column":9}},"type":"if","locations":[{"start":{"line":162,"column":8},"end":{"line":164,"column":9}},{"start":{},"end":{}}],"line":162},"11":{"loc":{"start":{"line":176,"column":23},"end":{"line":176,"column":59}},"type":"cond-expr","locations":[{"start":{"line":176,"column":34},"end":{"line":176,"column":47}},{"start":{"line":176,"column":50},"end":{"line":176,"column":59}}],"line":176},"12":{"loc":{"start":{"line":188,"column":8},"end":{"line":188,"column":50}},"type":"if","locations":[{"start":{"line":188,"column":8},"end":{"line":188,"column":50}},{"start":{},"end":{}}],"line":188},"13":{"loc":{"start":{"line":192,"column":8},"end":{"line":194,"column":9}},"type":"if","locations":[{"start":{"line":192,"column":8},"end":{"line":194,"column":9}},{"start":{},"end":{}}],"line":192},"14":{"loc":{"start":{"line":209,"column":8},"end":{"line":211,"column":9}},"type":"if","locations":[{"start":{"line":209,"column":8},"end":{"line":211,"column":9}},{"start":{},"end":{}}],"line":209},"15":{"loc":{"start":{"line":222,"column":26},"end":{"line":222,"column":55}},"type":"cond-expr","locations":[{"start":{"line":222,"column":37},"end":{"line":222,"column":50}},{"start":{"line":222,"column":53},"end":{"line":222,"column":55}}],"line":222},"16":{"loc":{"start":{"line":225,"column":8},"end":{"line":227,"column":9}},"type":"if","locations":[{"start":{"line":225,"column":8},"end":{"line":227,"column":9}},{"start":{},"end":{}}],"line":225},"17":{"loc":{"start":{"line":252,"column":8},"end":{"line":254,"column":9}},"type":"if","locations":[{"start":{"line":252,"column":8},"end":{"line":254,"column":9}},{"start":{},"end":{}}],"line":252},"18":{"loc":{"start":{"line":257,"column":20},"end":{"line":257,"column":82}},"type":"binary-expr","locations":[{"start":{"line":257,"column":20},"end":{"line":257,"column":46}},{"start":{"line":257,"column":50},"end":{"line":257,"column":82}}],"line":257},"19":{"loc":{"start":{"line":260,"column":8},"end":{"line":262,"column":9}},"type":"if","locations":[{"start":{"line":260,"column":8},"end":{"line":262,"column":9}},{"start":{},"end":{}}],"line":260},"20":{"loc":{"start":{"line":282,"column":8},"end":{"line":284,"column":9}},"type":"if","locations":[{"start":{"line":282,"column":8},"end":{"line":284,"column":9}},{"start":{},"end":{}}],"line":282},"21":{"loc":{"start":{"line":282,"column":12},"end":{"line":282,"column":54}},"type":"binary-expr","locations":[{"start":{"line":282,"column":12},"end":{"line":282,"column":25}},{"start":{"line":282,"column":29},"end":{"line":282,"column":54}}],"line":282},"22":{"loc":{"start":{"line":299,"column":12},"end":{"line":301,"column":13}},"type":"if","locations":[{"start":{"line":299,"column":12},"end":{"line":301,"column":13}},{"start":{},"end":{}}],"line":299},"23":{"loc":{"start":{"line":299,"column":16},"end":{"line":299,"column":44}},"type":"binary-expr","locations":[{"start":{"line":299,"column":16},"end":{"line":299,"column":22}},{"start":{"line":299,"column":26},"end":{"line":299,"column":44}}],"line":299},"24":{"loc":{"start":{"line":315,"column":12},"end":{"line":320,"column":13}},"type":"if","locations":[{"start":{"line":315,"column":12},"end":{"line":320,"column":13}},{"start":{},"end":{}}],"line":315},"25":{"loc":{"start":{"line":334,"column":12},"end":{"line":339,"column":13}},"type":"if","locations":[{"start":{"line":334,"column":12},"end":{"line":339,"column":13}},{"start":{},"end":{}}],"line":334}},"s":{"0":1,"1":1,"2":1,"3":1,"4":1,"5":1,"6":1,"7":1,"8":1,"9":1,"10":0,"11":0,"12":0,"13":0,"14":0,"15":0,"16":0,"17":0,"18":0,"19":1,"20":0,"21":0,"22":0,"23":0,"24":0,"25":0,"26":0,"27":0,"28":0,"29":0,"30":1,"31":0,"32":0,"33":0,"34":0,"35":0,"36":0,"37":0,"38":0,"39":0,"40":0,"41":1,"42":0,"43":0,"44":0,"45":0,"46":0,"47":0,"48":0,"49":1,"50":0,"51":0,"52":0,"53":0,"54":0,"55":0,"56":0,"57":0,"58":0,"59":1,"60":0,"61":0,"62":0,"63":0,"64":0,"65":0,"66":1,"67":1,"68":1,"69":1,"70":1,"71":1,"72":1,"73":0,"74":1,"75":0,"76":0,"77":0,"78":0,"79":0,"80":0,"81":0,"82":0,"83":1,"84":0,"85":0,"86":0,"87":0,"88":0,"89":0,"90":0,"91":0,"92":0,"93":0,"94":0,"95":0,"96":0,"97":0,"98":1,"99":1,"100":1,"101":1,"102":1,"103":0,"104":1,"105":0,"106":1,"107":2,"108":2,"109":2,"110":2,"111":2,"112":1,"113":1,"114":1,"115":1,"116":1,"117":0,"118":1,"119":2,"120":2,"121":2,"122":2,"123":0,"124":2,"125":2,"126":2,"127":1,"128":1,"129":1,"130":1,"131":0,"132":1,"133":0,"134":0,"135":0,"136":0,"137":0,"138":0,"139":0,"140":1,"141":1,"142":1,"143":1,"144":0,"145":1,"146":0,"147":1,"148":1,"149":1,"150":1,"151":1,"152":1,"153":1,"154":1,"155":1,"156":0,"157":0,"158":1,"159":1,"160":1,"161":1,"162":1,"163":1,"164":1,"165":1,"166":1,"167":0,"168":0,"169":1},"f":{"0":0,"1":0,"2":0,"3":0,"4":0,"5":0,"6":0,"7":1,"8":0,"9":0,"10":1,"11":2,"12":2,"13":2,"14":0,"15":1,"16":1,"17":1},"b":{"0":[0,0],"1":[0,0],"2":[0,0],"3":[0,0],"4":[0,0],"5":[0,0],"6":[0,0],"7":[0,0],"8":[0,0],"9":[1,0],"10":[0,0],"11":[0,0],"12":[0,0],"13":[0,0],"14":[0,1],"15":[1,1],"16":[1,1],"17":[0,2],"18":[2,1],"19":[1,1],"20":[0,0],"21":[0,0],"22":[0,1],"23":[1,1],"24":[1,0],"25":[1,0]},"_coverageSchema":"1a1c01bbd47fc00a2c39e90264f33305004495a9","hash":"ebbfada875de158c1ccac9c4366490e14114e9ef"}
,"C:\\Users\\S566606\\Desktop\\GDP2\\foodieFinds-final\\src\\Controllers\\timeSlotGenerator.js": {"path":"C:\\Users\\S566606\\Desktop\\GDP2\\foodieFinds-final\\src\\Controllers\\timeSlotGenerator.js","statementMap":{"0":{"start":{"line":1,"column":18},"end":{"line":9,"column":1}},"1":{"start":{"line":2,"column":29},"end":{"line":2,"column":47}},"2":{"start":{"line":3,"column":27},"end":{"line":3,"column":54}},"3":{"start":{"line":5,"column":4},"end":{"line":5,"column":53}},"4":{"start":{"line":5,"column":41},"end":{"line":5,"column":53}},"5":{"start":{"line":6,"column":4},"end":{"line":6,"column":53}},"6":{"start":{"line":6,"column":43},"end":{"line":6,"column":53}},"7":{"start":{"line":8,"column":4},"end":{"line":8,"column":30}},"8":{"start":{"line":11,"column":26},"end":{"line":42,"column":1}},"9":{"start":{"line":12,"column":39},"end":{"line":12,"column":64}},"10":{"start":{"line":14,"column":59},"end":{"line":14,"column":81}},"11":{"start":{"line":15,"column":59},"end":{"line":15,"column":81}},"12":{"start":{"line":17,"column":21},"end":{"line":17,"column":31}},"13":{"start":{"line":18,"column":4},"end":{"line":18,"column":53}},"14":{"start":{"line":20,"column":22},"end":{"line":20,"column":32}},"15":{"start":{"line":21,"column":4},"end":{"line":21,"column":54}},"16":{"start":{"line":23,"column":25},"end":{"line":23,"column":61}},"17":{"start":{"line":24,"column":24},"end":{"line":24,"column":40}},"18":{"start":{"line":26,"column":26},"end":{"line":26,"column":80}},"19":{"start":{"line":27,"column":22},"end":{"line":27,"column":81}},"20":{"start":{"line":28,"column":23},"end":{"line":28,"column":78}},"21":{"start":{"line":30,"column":23},"end":{"line":35,"column":5}},"22":{"start":{"line":31,"column":22},"end":{"line":31,"column":48}},"23":{"start":{"line":32,"column":24},"end":{"line":32,"column":69}},"24":{"start":{"line":33,"column":21},"end":{"line":33,"column":56}},"25":{"start":{"line":34,"column":8},"end":{"line":34,"column":45}},"26":{"start":{"line":37,"column":4},"end":{"line":41,"column":6}},"27":{"start":{"line":45,"column":0},"end":{"line":45,"column":39}}},"fnMap":{"0":{"name":"(anonymous_0)","decl":{"start":{"line":1,"column":18},"end":{"line":1,"column":19}},"loc":{"start":{"line":1,"column":31},"end":{"line":9,"column":1}},"line":1},"1":{"name":"(anonymous_1)","decl":{"start":{"line":11,"column":26},"end":{"line":11,"column":27}},"loc":{"start":{"line":11,"column":44},"end":{"line":42,"column":1}},"line":11},"2":{"name":"(anonymous_2)","decl":{"start":{"line":30,"column":23},"end":{"line":30,"column":24}},"loc":{"start":{"line":30,"column":33},"end":{"line":35,"column":5}},"line":30}},"branchMap":{"0":{"loc":{"start":{"line":5,"column":4},"end":{"line":5,"column":53}},"type":"if","locations":[{"start":{"line":5,"column":4},"end":{"line":5,"column":53}},{"start":{},"end":{}}],"line":5},"1":{"loc":{"start":{"line":5,"column":8},"end":{"line":5,"column":39}},"type":"binary-expr","locations":[{"start":{"line":5,"column":8},"end":{"line":5,"column":25}},{"start":{"line":5,"column":29},"end":{"line":5,"column":39}}],"line":5},"2":{"loc":{"start":{"line":6,"column":4},"end":{"line":6,"column":53}},"type":"if","locations":[{"start":{"line":6,"column":4},"end":{"line":6,"column":53}},{"start":{},"end":{}}],"line":6},"3":{"loc":{"start":{"line":6,"column":8},"end":{"line":6,"column":41}},"type":"binary-expr","locations":[{"start":{"line":6,"column":8},"end":{"line":6,"column":25}},{"start":{"line":6,"column":29},"end":{"line":6,"column":41}}],"line":6},"4":{"loc":{"start":{"line":31,"column":22},"end":{"line":31,"column":48}},"type":"binary-expr","locations":[{"start":{"line":31,"column":22},"end":{"line":31,"column":42}},{"start":{"line":31,"column":46},"end":{"line":31,"column":48}}],"line":31},"5":{"loc":{"start":{"line":33,"column":21},"end":{"line":33,"column":56}},"type":"cond-expr","locations":[{"start":{"line":33,"column":45},"end":{"line":33,"column":49}},{"start":{"line":33,"column":52},"end":{"line":33,"column":56}}],"line":33}},"s":{"0":2,"1":0,"2":0,"3":0,"4":0,"5":0,"6":0,"7":0,"8":2,"9":0,"10":0,"11":0,"12":0,"13":0,"14":0,"15":0,"16":0,"17":0,"18":0,"19":0,"20":0,"21":0,"22":0,"23":0,"24":0,"25":0,"26":0,"27":2},"f":{"0":0,"1":0,"2":0},"b":{"0":[0,0],"1":[0,0],"2":[0,0],"3":[0,0],"4":[0,0],"5":[0,0]},"_coverageSchema":"1a1c01bbd47fc00a2c39e90264f33305004495a9","hash":"09414c6d5a781c188882da333725b71bda9037c5"}
,"C:\\Users\\S566606\\Desktop\\GDP2\\foodieFinds-final\\src\\Controllers\\userControllers.js": {"path":"C:\\Users\\S566606\\Desktop\\GDP2\\foodieFinds-final\\src\\Controllers\\userControllers.js","statementMap":{"0":{"start":{"line":1,"column":18},"end":{"line":1,"column":51}},"1":{"start":{"line":2,"column":19},"end":{"line":2,"column":58}},"2":{"start":{"line":3,"column":19},"end":{"line":3,"column":54}},"3":{"start":{"line":4,"column":13},"end":{"line":4,"column":39}},"4":{"start":{"line":5,"column":21},"end":{"line":5,"column":44}},"5":{"start":{"line":6,"column":15},"end":{"line":6,"column":34}},"6":{"start":{"line":7,"column":30},"end":{"line":7,"column":63}},"7":{"start":{"line":8,"column":9},"end":{"line":10,"column":1}},"8":{"start":{"line":12,"column":18},"end":{"line":29,"column":1}},"9":{"start":{"line":13,"column":4},"end":{"line":28,"column":5}},"10":{"start":{"line":14,"column":8},"end":{"line":24,"column":9}},"11":{"start":{"line":15,"column":40},"end":{"line":15,"column":48}},"12":{"start":{"line":16,"column":30},"end":{"line":16,"column":79}},"13":{"start":{"line":18,"column":12},"end":{"line":23,"column":13}},"14":{"start":{"line":19,"column":16},"end":{"line":19,"column":119}},"15":{"start":{"line":20,"column":16},"end":{"line":20,"column":22}},"16":{"start":{"line":22,"column":16},"end":{"line":22,"column":71}},"17":{"start":{"line":27,"column":8},"end":{"line":27,"column":46}},"18":{"start":{"line":32,"column":26},"end":{"line":52,"column":1}},"19":{"start":{"line":33,"column":4},"end":{"line":51,"column":5}},"20":{"start":{"line":34,"column":8},"end":{"line":47,"column":9}},"21":{"start":{"line":35,"column":25},"end":{"line":35,"column":48}},"22":{"start":{"line":36,"column":12},"end":{"line":36,"column":30}},"23":{"start":{"line":38,"column":12},"end":{"line":42,"column":13}},"24":{"start":{"line":40,"column":15},"end":{"line":40,"column":80}},"25":{"start":{"line":41,"column":15},"end":{"line":41,"column":21}},"26":{"start":{"line":43,"column":12},"end":{"line":43,"column":66}},"27":{"start":{"line":44,"column":12},"end":{"line":44,"column":18}},"28":{"start":{"line":46,"column":12},"end":{"line":46,"column":66}},"29":{"start":{"line":50,"column":8},"end":{"line":50,"column":71}},"30":{"start":{"line":54,"column":23},"end":{"line":66,"column":1}},"31":{"start":{"line":55,"column":4},"end":{"line":65,"column":5}},"32":{"start":{"line":56,"column":23},"end":{"line":56,"column":36}},"33":{"start":{"line":57,"column":21},"end":{"line":57,"column":73}},"34":{"start":{"line":58,"column":8},"end":{"line":60,"column":9}},"35":{"start":{"line":59,"column":12},"end":{"line":59,"column":71}},"36":{"start":{"line":61,"column":8},"end":{"line":61,"column":23}},"37":{"start":{"line":63,"column":8},"end":{"line":63,"column":29}},"38":{"start":{"line":64,"column":8},"end":{"line":64,"column":58}},"39":{"start":{"line":69,"column":26},"end":{"line":96,"column":1}},"40":{"start":{"line":70,"column":4},"end":{"line":95,"column":5}},"41":{"start":{"line":71,"column":23},"end":{"line":71,"column":36}},"42":{"start":{"line":72,"column":46},"end":{"line":72,"column":54}},"43":{"start":{"line":74,"column":8},"end":{"line":76,"column":9}},"44":{"start":{"line":75,"column":12},"end":{"line":75,"column":88}},"45":{"start":{"line":78,"column":21},"end":{"line":78,"column":53}},"46":{"start":{"line":79,"column":8},"end":{"line":81,"column":9}},"47":{"start":{"line":80,"column":12},"end":{"line":80,"column":71}},"48":{"start":{"line":83,"column":8},"end":{"line":83,"column":33}},"49":{"start":{"line":84,"column":8},"end":{"line":84,"column":27}},"50":{"start":{"line":86,"column":8},"end":{"line":88,"column":9}},"51":{"start":{"line":87,"column":12},"end":{"line":87,"column":60}},"52":{"start":{"line":90,"column":8},"end":{"line":90,"column":26}},"53":{"start":{"line":91,"column":8},"end":{"line":91,"column":68}},"54":{"start":{"line":93,"column":9},"end":{"line":93,"column":30}},"55":{"start":{"line":94,"column":8},"end":{"line":94,"column":58}},"56":{"start":{"line":98,"column":26},"end":{"line":110,"column":1}},"57":{"start":{"line":99,"column":4},"end":{"line":109,"column":5}},"58":{"start":{"line":100,"column":23},"end":{"line":100,"column":36}},"59":{"start":{"line":101,"column":21},"end":{"line":101,"column":62}},"60":{"start":{"line":102,"column":8},"end":{"line":104,"column":9}},"61":{"start":{"line":103,"column":12},"end":{"line":103,"column":71}},"62":{"start":{"line":105,"column":8},"end":{"line":105,"column":62}},"63":{"start":{"line":108,"column":8},"end":{"line":108,"column":58}},"64":{"start":{"line":113,"column":19},"end":{"line":131,"column":1}},"65":{"start":{"line":114,"column":4},"end":{"line":130,"column":5}},"66":{"start":{"line":115,"column":8},"end":{"line":126,"column":9}},"67":{"start":{"line":116,"column":30},"end":{"line":116,"column":44}},"68":{"start":{"line":118,"column":34},"end":{"line":118,"column":77}},"69":{"start":{"line":119,"column":16},"end":{"line":119,"column":62}},"70":{"start":{"line":120,"column":16},"end":{"line":120,"column":42}},"71":{"start":{"line":121,"column":16},"end":{"line":123,"column":27}},"72":{"start":{"line":122,"column":20},"end":{"line":122,"column":44}},"73":{"start":{"line":125,"column":16},"end":{"line":125,"column":70}},"74":{"start":{"line":129,"column":8},"end":{"line":129,"column":52}},"75":{"start":{"line":133,"column":17},"end":{"line":147,"column":1}},"76":{"start":{"line":134,"column":4},"end":{"line":146,"column":5}},"77":{"start":{"line":135,"column":29},"end":{"line":135,"column":37}},"78":{"start":{"line":136,"column":8},"end":{"line":141,"column":11}},"79":{"start":{"line":137,"column":12},"end":{"line":137,"column":61}},"80":{"start":{"line":138,"column":12},"end":{"line":138,"column":31}},"81":{"start":{"line":140,"column":12},"end":{"line":140,"column":55}},"82":{"start":{"line":145,"column":8},"end":{"line":145,"column":73}},"83":{"start":{"line":150,"column":22},"end":{"line":168,"column":1}},"84":{"start":{"line":151,"column":4},"end":{"line":167,"column":5}},"85":{"start":{"line":152,"column":36},"end":{"line":152,"column":44}},"86":{"start":{"line":155,"column":21},"end":{"line":155,"column":55}},"87":{"start":{"line":156,"column":8},"end":{"line":158,"column":9}},"88":{"start":{"line":157,"column":12},"end":{"line":157,"column":87}},"89":{"start":{"line":160,"column":8},"end":{"line":160,"column":32}},"90":{"start":{"line":162,"column":8},"end":{"line":162,"column":26}},"91":{"start":{"line":164,"column":8},"end":{"line":164,"column":90}},"92":{"start":{"line":166,"column":8},"end":{"line":166,"column":96}},"93":{"start":{"line":171,"column":22},"end":{"line":192,"column":1}},"94":{"start":{"line":172,"column":4},"end":{"line":191,"column":5}},"95":{"start":{"line":173,"column":23},"end":{"line":173,"column":33}},"96":{"start":{"line":174,"column":29},"end":{"line":174,"column":31}},"97":{"start":{"line":175,"column":27},"end":{"line":175,"column":56}},"98":{"start":{"line":177,"column":8},"end":{"line":179,"column":9}},"99":{"start":{"line":178,"column":12},"end":{"line":178,"column":77}},"100":{"start":{"line":181,"column":22},"end":{"line":181,"column":89}},"101":{"start":{"line":183,"column":29},"end":{"line":185,"column":9}},"102":{"start":{"line":184,"column":12},"end":{"line":184,"column":105}},"103":{"start":{"line":184,"column":52},"end":{"line":184,"column":104}},"104":{"start":{"line":187,"column":26},"end":{"line":187,"column":68}},"105":{"start":{"line":188,"column":8},"end":{"line":188,"column":99}},"106":{"start":{"line":190,"column":8},"end":{"line":190,"column":91}},"107":{"start":{"line":194,"column":23},"end":{"line":205,"column":1}},"108":{"start":{"line":195,"column":4},"end":{"line":204,"column":5}},"109":{"start":{"line":196,"column":28},"end":{"line":196,"column":51}},"110":{"start":{"line":197,"column":8},"end":{"line":200,"column":67}},"111":{"start":{"line":198,"column":12},"end":{"line":198,"column":111}},"112":{"start":{"line":200,"column":12},"end":{"line":200,"column":67}},"113":{"start":{"line":203,"column":8},"end":{"line":203,"column":45}},"114":{"start":{"line":207,"column":26},"end":{"line":239,"column":1}},"115":{"start":{"line":208,"column":4},"end":{"line":238,"column":5}},"116":{"start":{"line":209,"column":27},"end":{"line":209,"column":37}},"117":{"start":{"line":210,"column":104},"end":{"line":210,"column":112}},"118":{"start":{"line":212,"column":28},"end":{"line":222,"column":9}},"119":{"start":{"line":224,"column":21},"end":{"line":228,"column":9}},"120":{"start":{"line":230,"column":8},"end":{"line":232,"column":9}},"121":{"start":{"line":231,"column":12},"end":{"line":231,"column":71}},"122":{"start":{"line":234,"column":8},"end":{"line":234,"column":91}},"123":{"start":{"line":237,"column":8},"end":{"line":237,"column":72}},"124":{"start":{"line":241,"column":26},"end":{"line":260,"column":1}},"125":{"start":{"line":242,"column":4},"end":{"line":259,"column":5}},"126":{"start":{"line":243,"column":42},"end":{"line":243,"column":51}},"127":{"start":{"line":245,"column":21},"end":{"line":249,"column":9}},"128":{"start":{"line":251,"column":8},"end":{"line":253,"column":9}},"129":{"start":{"line":252,"column":12},"end":{"line":252,"column":86}},"130":{"start":{"line":255,"column":8},"end":{"line":255,"column":111}},"131":{"start":{"line":258,"column":8},"end":{"line":258,"column":72}},"132":{"start":{"line":262,"column":25},"end":{"line":281,"column":1}},"133":{"start":{"line":263,"column":4},"end":{"line":280,"column":5}},"134":{"start":{"line":264,"column":42},"end":{"line":264,"column":52}},"135":{"start":{"line":266,"column":21},"end":{"line":270,"column":9}},"136":{"start":{"line":272,"column":8},"end":{"line":274,"column":9}},"137":{"start":{"line":273,"column":12},"end":{"line":273,"column":86}},"138":{"start":{"line":276,"column":8},"end":{"line":276,"column":111}},"139":{"start":{"line":279,"column":8},"end":{"line":279,"column":71}},"140":{"start":{"line":283,"column":35},"end":{"line":302,"column":1}},"141":{"start":{"line":284,"column":4},"end":{"line":301,"column":5}},"142":{"start":{"line":285,"column":27},"end":{"line":285,"column":37}},"143":{"start":{"line":287,"column":21},"end":{"line":290,"column":10}},"144":{"start":{"line":293,"column":8},"end":{"line":295,"column":9}},"145":{"start":{"line":294,"column":12},"end":{"line":294,"column":71}},"146":{"start":{"line":297,"column":8},"end":{"line":297,"column":98}},"147":{"start":{"line":300,"column":8},"end":{"line":300,"column":72}},"148":{"start":{"line":304,"column":34},"end":{"line":325,"column":1}},"149":{"start":{"line":305,"column":4},"end":{"line":324,"column":5}},"150":{"start":{"line":306,"column":42},"end":{"line":306,"column":52}},"151":{"start":{"line":308,"column":21},"end":{"line":308,"column":53}},"152":{"start":{"line":310,"column":8},"end":{"line":312,"column":9}},"153":{"start":{"line":311,"column":12},"end":{"line":311,"column":71}},"154":{"start":{"line":314,"column":28},"end":{"line":314,"column":63}},"155":{"start":{"line":316,"column":8},"end":{"line":318,"column":9}},"156":{"start":{"line":317,"column":12},"end":{"line":317,"column":78}},"157":{"start":{"line":320,"column":8},"end":{"line":320,"column":78}},"158":{"start":{"line":323,"column":8},"end":{"line":323,"column":71}},"159":{"start":{"line":327,"column":27},"end":{"line":344,"column":1}},"160":{"start":{"line":328,"column":4},"end":{"line":343,"column":5}},"161":{"start":{"line":329,"column":34},"end":{"line":329,"column":44}},"162":{"start":{"line":331,"column":21},"end":{"line":331,"column":83}},"163":{"start":{"line":333,"column":8},"end":{"line":335,"column":9}},"164":{"start":{"line":334,"column":12},"end":{"line":334,"column":78}},"165":{"start":{"line":337,"column":28},"end":{"line":337,"column":63}},"166":{"start":{"line":339,"column":8},"end":{"line":339,"column":78}},"167":{"start":{"line":342,"column":8},"end":{"line":342,"column":71}},"168":{"start":{"line":346,"column":30},"end":{"line":358,"column":1}},"169":{"start":{"line":347,"column":4},"end":{"line":357,"column":5}},"170":{"start":{"line":348,"column":36},"end":{"line":348,"column":45}},"171":{"start":{"line":350,"column":29},"end":{"line":352,"column":10}},"172":{"start":{"line":354,"column":8},"end":{"line":354,"column":79}},"173":{"start":{"line":356,"column":8},"end":{"line":356,"column":96}},"174":{"start":{"line":360,"column":38},"end":{"line":379,"column":1}},"175":{"start":{"line":361,"column":4},"end":{"line":378,"column":5}},"176":{"start":{"line":362,"column":33},"end":{"line":362,"column":43}},"177":{"start":{"line":364,"column":22},"end":{"line":364,"column":89}},"178":{"start":{"line":366,"column":29},"end":{"line":368,"column":9}},"179":{"start":{"line":367,"column":12},"end":{"line":367,"column":105}},"180":{"start":{"line":367,"column":52},"end":{"line":367,"column":104}},"181":{"start":{"line":370,"column":8},"end":{"line":372,"column":9}},"182":{"start":{"line":371,"column":12},"end":{"line":371,"column":98}},"183":{"start":{"line":374,"column":8},"end":{"line":374,"column":98}},"184":{"start":{"line":377,"column":8},"end":{"line":377,"column":72}},"185":{"start":{"line":382,"column":18},"end":{"line":400,"column":1}},"186":{"start":{"line":383,"column":29},"end":{"line":383,"column":39}},"187":{"start":{"line":384,"column":38},"end":{"line":384,"column":46}},"188":{"start":{"line":386,"column":4},"end":{"line":399,"column":5}},"189":{"start":{"line":387,"column":25},"end":{"line":387,"column":64}},"190":{"start":{"line":388,"column":6},"end":{"line":390,"column":7}},"191":{"start":{"line":389,"column":8},"end":{"line":389,"column":73}},"192":{"start":{"line":392,"column":24},"end":{"line":392,"column":49}},"193":{"start":{"line":393,"column":6},"end":{"line":393,"column":41}},"194":{"start":{"line":394,"column":6},"end":{"line":394,"column":30}},"195":{"start":{"line":396,"column":6},"end":{"line":396,"column":88}},"196":{"start":{"line":398,"column":6},"end":{"line":398,"column":53}},"197":{"start":{"line":403,"column":21},"end":{"line":423,"column":1}},"198":{"start":{"line":404,"column":39},"end":{"line":404,"column":49}},"199":{"start":{"line":406,"column":4},"end":{"line":422,"column":5}},"200":{"start":{"line":407,"column":25},"end":{"line":407,"column":64}},"201":{"start":{"line":408,"column":6},"end":{"line":410,"column":7}},"202":{"start":{"line":409,"column":8},"end":{"line":409,"column":73}},"203":{"start":{"line":412,"column":21},"end":{"line":412,"column":52}},"204":{"start":{"line":413,"column":6},"end":{"line":415,"column":7}},"205":{"start":{"line":414,"column":8},"end":{"line":414,"column":69}},"206":{"start":{"line":417,"column":6},"end":{"line":417,"column":22}},"207":{"start":{"line":418,"column":6},"end":{"line":418,"column":30}},"208":{"start":{"line":419,"column":6},"end":{"line":419,"column":71}},"209":{"start":{"line":421,"column":6},"end":{"line":421,"column":53}},"210":{"start":{"line":427,"column":0},"end":{"line":448,"column":1}}},"fnMap":{"0":{"name":"(anonymous_0)","decl":{"start":{"line":12,"column":18},"end":{"line":12,"column":19}},"loc":{"start":{"line":12,"column":36},"end":{"line":29,"column":1}},"line":12},"1":{"name":"(anonymous_1)","decl":{"start":{"line":32,"column":26},"end":{"line":32,"column":27}},"loc":{"start":{"line":32,"column":44},"end":{"line":52,"column":1}},"line":32},"2":{"name":"(anonymous_2)","decl":{"start":{"line":54,"column":23},"end":{"line":54,"column":24}},"loc":{"start":{"line":54,"column":43},"end":{"line":66,"column":1}},"line":54},"3":{"name":"(anonymous_3)","decl":{"start":{"line":69,"column":26},"end":{"line":69,"column":27}},"loc":{"start":{"line":69,"column":46},"end":{"line":96,"column":1}},"line":69},"4":{"name":"(anonymous_4)","decl":{"start":{"line":98,"column":26},"end":{"line":98,"column":27}},"loc":{"start":{"line":98,"column":46},"end":{"line":110,"column":1}},"line":98},"5":{"name":"(anonymous_5)","decl":{"start":{"line":113,"column":19},"end":{"line":113,"column":20}},"loc":{"start":{"line":113,"column":38},"end":{"line":131,"column":1}},"line":113},"6":{"name":"(anonymous_6)","decl":{"start":{"line":121,"column":27},"end":{"line":121,"column":28}},"loc":{"start":{"line":121,"column":33},"end":{"line":123,"column":17}},"line":121},"7":{"name":"(anonymous_7)","decl":{"start":{"line":133,"column":17},"end":{"line":133,"column":18}},"loc":{"start":{"line":133,"column":35},"end":{"line":147,"column":1}},"line":133},"8":{"name":"(anonymous_8)","decl":{"start":{"line":150,"column":22},"end":{"line":150,"column":23}},"loc":{"start":{"line":150,"column":42},"end":{"line":168,"column":1}},"line":150},"9":{"name":"(anonymous_9)","decl":{"start":{"line":171,"column":22},"end":{"line":171,"column":23}},"loc":{"start":{"line":171,"column":42},"end":{"line":192,"column":1}},"line":171},"10":{"name":"(anonymous_10)","decl":{"start":{"line":183,"column":43},"end":{"line":183,"column":44}},"loc":{"start":{"line":184,"column":12},"end":{"line":184,"column":105}},"line":184},"11":{"name":"(anonymous_11)","decl":{"start":{"line":184,"column":37},"end":{"line":184,"column":38}},"loc":{"start":{"line":184,"column":52},"end":{"line":184,"column":104}},"line":184},"12":{"name":"(anonymous_12)","decl":{"start":{"line":194,"column":23},"end":{"line":194,"column":24}},"loc":{"start":{"line":194,"column":43},"end":{"line":205,"column":1}},"line":194},"13":{"name":"(anonymous_13)","decl":{"start":{"line":207,"column":26},"end":{"line":207,"column":27}},"loc":{"start":{"line":207,"column":46},"end":{"line":239,"column":1}},"line":207},"14":{"name":"(anonymous_14)","decl":{"start":{"line":241,"column":26},"end":{"line":241,"column":27}},"loc":{"start":{"line":241,"column":46},"end":{"line":260,"column":1}},"line":241},"15":{"name":"(anonymous_15)","decl":{"start":{"line":262,"column":25},"end":{"line":262,"column":26}},"loc":{"start":{"line":262,"column":45},"end":{"line":281,"column":1}},"line":262},"16":{"name":"(anonymous_16)","decl":{"start":{"line":283,"column":35},"end":{"line":283,"column":36}},"loc":{"start":{"line":283,"column":55},"end":{"line":302,"column":1}},"line":283},"17":{"name":"(anonymous_17)","decl":{"start":{"line":304,"column":34},"end":{"line":304,"column":35}},"loc":{"start":{"line":304,"column":54},"end":{"line":325,"column":1}},"line":304},"18":{"name":"(anonymous_18)","decl":{"start":{"line":327,"column":27},"end":{"line":327,"column":28}},"loc":{"start":{"line":327,"column":47},"end":{"line":344,"column":1}},"line":327},"19":{"name":"(anonymous_19)","decl":{"start":{"line":346,"column":30},"end":{"line":346,"column":31}},"loc":{"start":{"line":346,"column":50},"end":{"line":358,"column":1}},"line":346},"20":{"name":"(anonymous_20)","decl":{"start":{"line":360,"column":38},"end":{"line":360,"column":39}},"loc":{"start":{"line":360,"column":58},"end":{"line":379,"column":1}},"line":360},"21":{"name":"(anonymous_21)","decl":{"start":{"line":366,"column":43},"end":{"line":366,"column":44}},"loc":{"start":{"line":367,"column":12},"end":{"line":367,"column":105}},"line":367},"22":{"name":"(anonymous_22)","decl":{"start":{"line":367,"column":37},"end":{"line":367,"column":38}},"loc":{"start":{"line":367,"column":52},"end":{"line":367,"column":104}},"line":367},"23":{"name":"(anonymous_23)","decl":{"start":{"line":382,"column":18},"end":{"line":382,"column":19}},"loc":{"start":{"line":382,"column":38},"end":{"line":400,"column":1}},"line":382},"24":{"name":"(anonymous_24)","decl":{"start":{"line":403,"column":21},"end":{"line":403,"column":22}},"loc":{"start":{"line":403,"column":41},"end":{"line":423,"column":1}},"line":403}},"branchMap":{"0":{"loc":{"start":{"line":14,"column":8},"end":{"line":24,"column":9}},"type":"if","locations":[{"start":{"line":14,"column":8},"end":{"line":24,"column":9}},{"start":{},"end":{}}],"line":14},"1":{"loc":{"start":{"line":18,"column":12},"end":{"line":23,"column":13}},"type":"if","locations":[{"start":{"line":18,"column":12},"end":{"line":23,"column":13}},{"start":{"line":21,"column":19},"end":{"line":23,"column":13}}],"line":18},"2":{"loc":{"start":{"line":34,"column":8},"end":{"line":47,"column":9}},"type":"if","locations":[{"start":{"line":34,"column":8},"end":{"line":47,"column":9}},{"start":{"line":45,"column":15},"end":{"line":47,"column":9}}],"line":34},"3":{"loc":{"start":{"line":38,"column":12},"end":{"line":42,"column":13}},"type":"if","locations":[{"start":{"line":38,"column":12},"end":{"line":42,"column":13}},{"start":{},"end":{}}],"line":38},"4":{"loc":{"start":{"line":58,"column":8},"end":{"line":60,"column":9}},"type":"if","locations":[{"start":{"line":58,"column":8},"end":{"line":60,"column":9}},{"start":{},"end":{}}],"line":58},"5":{"loc":{"start":{"line":74,"column":8},"end":{"line":76,"column":9}},"type":"if","locations":[{"start":{"line":74,"column":8},"end":{"line":76,"column":9}},{"start":{},"end":{}}],"line":74},"6":{"loc":{"start":{"line":74,"column":12},"end":{"line":74,"column":31}},"type":"binary-expr","locations":[{"start":{"line":74,"column":12},"end":{"line":74,"column":21}},{"start":{"line":74,"column":25},"end":{"line":74,"column":31}}],"line":74},"7":{"loc":{"start":{"line":79,"column":8},"end":{"line":81,"column":9}},"type":"if","locations":[{"start":{"line":79,"column":8},"end":{"line":81,"column":9}},{"start":{},"end":{}}],"line":79},"8":{"loc":{"start":{"line":86,"column":8},"end":{"line":88,"column":9}},"type":"if","locations":[{"start":{"line":86,"column":8},"end":{"line":88,"column":9}},{"start":{},"end":{}}],"line":86},"9":{"loc":{"start":{"line":102,"column":8},"end":{"line":104,"column":9}},"type":"if","locations":[{"start":{"line":102,"column":8},"end":{"line":104,"column":9}},{"start":{},"end":{}}],"line":102},"10":{"loc":{"start":{"line":115,"column":8},"end":{"line":126,"column":9}},"type":"if","locations":[{"start":{"line":115,"column":8},"end":{"line":126,"column":9}},{"start":{},"end":{}}],"line":115},"11":{"loc":{"start":{"line":136,"column":8},"end":{"line":141,"column":11}},"type":"if","locations":[{"start":{"line":136,"column":8},"end":{"line":141,"column":11}},{"start":{"line":139,"column":17},"end":{"line":141,"column":11}}],"line":136},"12":{"loc":{"start":{"line":136,"column":12},"end":{"line":136,"column":68}},"type":"binary-expr","locations":[{"start":{"line":136,"column":12},"end":{"line":136,"column":23}},{"start":{"line":136,"column":27},"end":{"line":136,"column":68}}],"line":136},"13":{"loc":{"start":{"line":156,"column":8},"end":{"line":158,"column":9}},"type":"if","locations":[{"start":{"line":156,"column":8},"end":{"line":158,"column":9}},{"start":{},"end":{}}],"line":156},"14":{"loc":{"start":{"line":177,"column":8},"end":{"line":179,"column":9}},"type":"if","locations":[{"start":{"line":177,"column":8},"end":{"line":179,"column":9}},{"start":{},"end":{}}],"line":177},"15":{"loc":{"start":{"line":197,"column":8},"end":{"line":200,"column":67}},"type":"if","locations":[{"start":{"line":197,"column":8},"end":{"line":200,"column":67}},{"start":{"line":200,"column":12},"end":{"line":200,"column":67}}],"line":197},"16":{"loc":{"start":{"line":230,"column":8},"end":{"line":232,"column":9}},"type":"if","locations":[{"start":{"line":230,"column":8},"end":{"line":232,"column":9}},{"start":{},"end":{}}],"line":230},"17":{"loc":{"start":{"line":251,"column":8},"end":{"line":253,"column":9}},"type":"if","locations":[{"start":{"line":251,"column":8},"end":{"line":253,"column":9}},{"start":{},"end":{}}],"line":251},"18":{"loc":{"start":{"line":272,"column":8},"end":{"line":274,"column":9}},"type":"if","locations":[{"start":{"line":272,"column":8},"end":{"line":274,"column":9}},{"start":{},"end":{}}],"line":272},"19":{"loc":{"start":{"line":293,"column":8},"end":{"line":295,"column":9}},"type":"if","locations":[{"start":{"line":293,"column":8},"end":{"line":295,"column":9}},{"start":{},"end":{}}],"line":293},"20":{"loc":{"start":{"line":310,"column":8},"end":{"line":312,"column":9}},"type":"if","locations":[{"start":{"line":310,"column":8},"end":{"line":312,"column":9}},{"start":{},"end":{}}],"line":310},"21":{"loc":{"start":{"line":316,"column":8},"end":{"line":318,"column":9}},"type":"if","locations":[{"start":{"line":316,"column":8},"end":{"line":318,"column":9}},{"start":{},"end":{}}],"line":316},"22":{"loc":{"start":{"line":333,"column":8},"end":{"line":335,"column":9}},"type":"if","locations":[{"start":{"line":333,"column":8},"end":{"line":335,"column":9}},{"start":{},"end":{}}],"line":333},"23":{"loc":{"start":{"line":370,"column":8},"end":{"line":372,"column":9}},"type":"if","locations":[{"start":{"line":370,"column":8},"end":{"line":372,"column":9}},{"start":{},"end":{}}],"line":370},"24":{"loc":{"start":{"line":388,"column":6},"end":{"line":390,"column":7}},"type":"if","locations":[{"start":{"line":388,"column":6},"end":{"line":390,"column":7}},{"start":{},"end":{}}],"line":388},"25":{"loc":{"start":{"line":408,"column":6},"end":{"line":410,"column":7}},"type":"if","locations":[{"start":{"line":408,"column":6},"end":{"line":410,"column":7}},{"start":{},"end":{}}],"line":408},"26":{"loc":{"start":{"line":413,"column":6},"end":{"line":415,"column":7}},"type":"if","locations":[{"start":{"line":413,"column":6},"end":{"line":415,"column":7}},{"start":{},"end":{}}],"line":413}},"s":{"0":1,"1":1,"2":1,"3":1,"4":1,"5":1,"6":1,"7":1,"8":1,"9":3,"10":3,"11":3,"12":3,"13":2,"14":1,"15":1,"16":1,"17":1,"18":1,"19":2,"20":2,"21":1,"22":1,"23":1,"24":1,"25":1,"26":0,"27":0,"28":1,"29":0,"30":1,"31":0,"32":0,"33":0,"34":0,"35":0,"36":0,"37":0,"38":0,"39":1,"40":2,"41":2,"42":2,"43":2,"44":1,"45":1,"46":1,"47":0,"48":1,"49":1,"50":1,"51":1,"52":1,"53":1,"54":0,"55":0,"56":1,"57":1,"58":1,"59":1,"60":1,"61":0,"62":1,"63":0,"64":1,"65":1,"66":1,"67":1,"68":1,"69":1,"70":1,"71":1,"72":0,"73":1,"74":0,"75":1,"76":0,"77":0,"78":0,"79":0,"80":0,"81":0,"82":0,"83":1,"84":2,"85":2,"86":2,"87":2,"88":1,"89":1,"90":1,"91":1,"92":0,"93":1,"94":0,"95":0,"96":0,"97":0,"98":0,"99":0,"100":0,"101":0,"102":0,"103":0,"104":0,"105":0,"106":0,"107":1,"108":2,"109":2,"110":2,"111":1,"112":1,"113":0,"114":1,"115":1,"116":1,"117":1,"118":1,"119":1,"120":1,"121":0,"122":1,"123":0,"124":1,"125":2,"126":2,"127":2,"128":2,"129":1,"130":1,"131":0,"132":1,"133":0,"134":0,"135":0,"136":0,"137":0,"138":0,"139":0,"140":1,"141":0,"142":0,"143":0,"144":0,"145":0,"146":0,"147":0,"148":1,"149":0,"150":0,"151":0,"152":0,"153":0,"154":0,"155":0,"156":0,"157":0,"158":0,"159":1,"160":0,"161":0,"162":0,"163":0,"164":0,"165":0,"166":0,"167":0,"168":1,"169":0,"170":0,"171":0,"172":0,"173":0,"174":1,"175":0,"176":0,"177":0,"178":0,"179":0,"180":0,"181":0,"182":0,"183":0,"184":0,"185":1,"186":2,"187":2,"188":2,"189":2,"190":2,"191":1,"192":1,"193":1,"194":1,"195":1,"196":0,"197":1,"198":0,"199":0,"200":0,"201":0,"202":0,"203":0,"204":0,"205":0,"206":0,"207":0,"208":0,"209":0,"210":1},"f":{"0":3,"1":2,"2":0,"3":2,"4":1,"5":1,"6":0,"7":0,"8":2,"9":0,"10":0,"11":0,"12":2,"13":1,"14":2,"15":0,"16":0,"17":0,"18":0,"19":0,"20":0,"21":0,"22":0,"23":2,"24":0},"b":{"0":[3,0],"1":[1,1],"2":[1,1],"3":[1,0],"4":[0,0],"5":[1,1],"6":[2,1],"7":[0,1],"8":[1,0],"9":[0,1],"10":[1,0],"11":[0,0],"12":[0,0],"13":[1,1],"14":[0,0],"15":[1,1],"16":[0,1],"17":[1,1],"18":[0,0],"19":[0,0],"20":[0,0],"21":[0,0],"22":[0,0],"23":[0,0],"24":[1,1],"25":[0,0],"26":[0,0]},"_coverageSchema":"1a1c01bbd47fc00a2c39e90264f33305004495a9","hash":"8ef647eccaca3f06131dc028a39f46a3b784a632"}
,"C:\\Users\\S566606\\Desktop\\GDP2\\foodieFinds-final\\src\\Models\\RestaurantModel.js": {"path":"C:\\Users\\S566606\\Desktop\\GDP2\\foodieFinds-final\\src\\Models\\RestaurantModel.js","statementMap":{"0":{"start":{"line":1,"column":17},"end":{"line":1,"column":36}},"1":{"start":{"line":4,"column":19},"end":{"line":11,"column":2}},"2":{"start":{"line":14,"column":21},"end":{"line":19,"column":2}},"3":{"start":{"line":22,"column":25},"end":{"line":39,"column":2}},"4":{"start":{"line":43,"column":0},"end":{"line":50,"column":4}},"5":{"start":{"line":44,"column":4},"end":{"line":49,"column":5}},"6":{"start":{"line":45,"column":25},"end":{"line":45,"column":58}},"7":{"start":{"line":46,"column":6},"end":{"line":46,"column":24}},"8":{"start":{"line":48,"column":6},"end":{"line":48,"column":46}},"9":{"start":{"line":53,"column":2},"end":{"line":60,"column":4}},"10":{"start":{"line":54,"column":4},"end":{"line":59,"column":5}},"11":{"start":{"line":55,"column":25},"end":{"line":55,"column":79}},"12":{"start":{"line":56,"column":6},"end":{"line":56,"column":24}},"13":{"start":{"line":58,"column":6},"end":{"line":58,"column":46}},"14":{"start":{"line":63,"column":0},"end":{"line":66,"column":4}},"15":{"start":{"line":64,"column":17},"end":{"line":64,"column":92}},"16":{"start":{"line":64,"column":41},"end":{"line":64,"column":91}},"17":{"start":{"line":65,"column":4},"end":{"line":65,"column":30}},"18":{"start":{"line":69,"column":2},"end":{"line":72,"column":4}},"19":{"start":{"line":70,"column":17},"end":{"line":70,"column":38}},"20":{"start":{"line":71,"column":4},"end":{"line":71,"column":30}},"21":{"start":{"line":75,"column":24},"end":{"line":75,"column":70}},"22":{"start":{"line":77,"column":0},"end":{"line":77,"column":33}}},"fnMap":{"0":{"name":"(anonymous_0)","decl":{"start":{"line":43,"column":46},"end":{"line":43,"column":47}},"loc":{"start":{"line":43,"column":76},"end":{"line":50,"column":3}},"line":43},"1":{"name":"(anonymous_1)","decl":{"start":{"line":53,"column":50},"end":{"line":53,"column":51}},"loc":{"start":{"line":53,"column":82},"end":{"line":60,"column":3}},"line":53},"2":{"name":"(anonymous_2)","decl":{"start":{"line":63,"column":42},"end":{"line":63,"column":43}},"loc":{"start":{"line":63,"column":62},"end":{"line":66,"column":3}},"line":63},"3":{"name":"(anonymous_3)","decl":{"start":{"line":64,"column":33},"end":{"line":64,"column":34}},"loc":{"start":{"line":64,"column":41},"end":{"line":64,"column":91}},"line":64},"4":{"name":"(anonymous_4)","decl":{"start":{"line":69,"column":42},"end":{"line":69,"column":43}},"loc":{"start":{"line":69,"column":60},"end":{"line":72,"column":3}},"line":69}},"branchMap":{"0":{"loc":{"start":{"line":65,"column":11},"end":{"line":65,"column":29}},"type":"cond-expr","locations":[{"start":{"line":65,"column":18},"end":{"line":65,"column":22}},{"start":{"line":65,"column":25},"end":{"line":65,"column":29}}],"line":65},"1":{"loc":{"start":{"line":71,"column":11},"end":{"line":71,"column":29}},"type":"cond-expr","locations":[{"start":{"line":71,"column":18},"end":{"line":71,"column":22}},{"start":{"line":71,"column":25},"end":{"line":71,"column":29}}],"line":71}},"s":{"0":2,"1":2,"2":2,"3":2,"4":2,"5":0,"6":0,"7":0,"8":0,"9":2,"10":0,"11":0,"12":0,"13":0,"14":2,"15":0,"16":0,"17":0,"18":2,"19":0,"20":0,"21":2,"22":2},"f":{"0":0,"1":0,"2":0,"3":0,"4":0},"b":{"0":[0,0],"1":[0,0]},"_coverageSchema":"1a1c01bbd47fc00a2c39e90264f33305004495a9","hash":"17742f5a2a45de97c061819e51fa22e33be36635"}
,"C:\\Users\\S566606\\Desktop\\GDP2\\foodieFinds-final\\src\\Models\\adminModels.js": {"path":"C:\\Users\\S566606\\Desktop\\GDP2\\foodieFinds-final\\src\\Models\\adminModels.js","statementMap":{"0":{"start":{"line":1,"column":17},"end":{"line":1,"column":36}},"1":{"start":{"line":2,"column":13},"end":{"line":2,"column":32}},"2":{"start":{"line":4,"column":20},"end":{"line":22,"column":2}},"3":{"start":{"line":25,"column":0},"end":{"line":30,"column":1}},"4":{"start":{"line":26,"column":17},"end":{"line":26,"column":21}},"5":{"start":{"line":27,"column":20},"end":{"line":27,"column":35}},"6":{"start":{"line":28,"column":4},"end":{"line":28,"column":27}},"7":{"start":{"line":29,"column":4},"end":{"line":29,"column":18}},"8":{"start":{"line":34,"column":0},"end":{"line":48,"column":1}},"9":{"start":{"line":35,"column":17},"end":{"line":35,"column":52}},"10":{"start":{"line":36,"column":4},"end":{"line":40,"column":5}},"11":{"start":{"line":38,"column":7},"end":{"line":38,"column":37}},"12":{"start":{"line":39,"column":7},"end":{"line":39,"column":32}},"13":{"start":{"line":41,"column":22},"end":{"line":41,"column":69}},"14":{"start":{"line":42,"column":4},"end":{"line":46,"column":5}},"15":{"start":{"line":44,"column":7},"end":{"line":44,"column":43}},"16":{"start":{"line":45,"column":7},"end":{"line":45,"column":37}},"17":{"start":{"line":47,"column":4},"end":{"line":47,"column":15}},"18":{"start":{"line":52,"column":0},"end":{"line":62,"column":1}},"19":{"start":{"line":54,"column":17},"end":{"line":54,"column":52}},"20":{"start":{"line":56,"column":4},"end":{"line":60,"column":5}},"21":{"start":{"line":58,"column":8},"end":{"line":58,"column":37}},"22":{"start":{"line":59,"column":8},"end":{"line":59,"column":31}},"23":{"start":{"line":61,"column":4},"end":{"line":61,"column":15}},"24":{"start":{"line":65,"column":0},"end":{"line":73,"column":1}},"25":{"start":{"line":66,"column":4},"end":{"line":66,"column":33}},"26":{"start":{"line":67,"column":17},"end":{"line":67,"column":54}},"27":{"start":{"line":69,"column":4},"end":{"line":71,"column":5}},"28":{"start":{"line":70,"column":8},"end":{"line":70,"column":41}},"29":{"start":{"line":72,"column":4},"end":{"line":72,"column":15}},"30":{"start":{"line":76,"column":0},"end":{"line":83,"column":2}},"31":{"start":{"line":77,"column":17},"end":{"line":77,"column":21}},"32":{"start":{"line":79,"column":3},"end":{"line":81,"column":4}},"33":{"start":{"line":80,"column":7},"end":{"line":80,"column":57}},"34":{"start":{"line":82,"column":4},"end":{"line":82,"column":10}},"35":{"start":{"line":86,"column":19},"end":{"line":86,"column":55}},"36":{"start":{"line":88,"column":0},"end":{"line":88,"column":25}}},"fnMap":{"0":{"name":"(anonymous_0)","decl":{"start":{"line":25,"column":29},"end":{"line":25,"column":30}},"loc":{"start":{"line":25,"column":39},"end":{"line":30,"column":1}},"line":25},"1":{"name":"(anonymous_1)","decl":{"start":{"line":34,"column":40},"end":{"line":34,"column":41}},"loc":{"start":{"line":34,"column":69},"end":{"line":48,"column":1}},"line":34},"2":{"name":"(anonymous_2)","decl":{"start":{"line":52,"column":34},"end":{"line":52,"column":35}},"loc":{"start":{"line":52,"column":51},"end":{"line":62,"column":1}},"line":52},"3":{"name":"(anonymous_3)","decl":{"start":{"line":65,"column":35},"end":{"line":65,"column":36}},"loc":{"start":{"line":65,"column":49},"end":{"line":73,"column":1}},"line":65},"4":{"name":"(anonymous_4)","decl":{"start":{"line":76,"column":23},"end":{"line":76,"column":24}},"loc":{"start":{"line":76,"column":45},"end":{"line":83,"column":1}},"line":76}},"branchMap":{"0":{"loc":{"start":{"line":36,"column":4},"end":{"line":40,"column":5}},"type":"if","locations":[{"start":{"line":36,"column":4},"end":{"line":40,"column":5}},{"start":{},"end":{}}],"line":36},"1":{"loc":{"start":{"line":42,"column":4},"end":{"line":46,"column":5}},"type":"if","locations":[{"start":{"line":42,"column":4},"end":{"line":46,"column":5}},{"start":{},"end":{}}],"line":42},"2":{"loc":{"start":{"line":56,"column":4},"end":{"line":60,"column":5}},"type":"if","locations":[{"start":{"line":56,"column":4},"end":{"line":60,"column":5}},{"start":{},"end":{}}],"line":56},"3":{"loc":{"start":{"line":69,"column":4},"end":{"line":71,"column":5}},"type":"if","locations":[{"start":{"line":69,"column":4},"end":{"line":71,"column":5}},{"start":{},"end":{}}],"line":69},"4":{"loc":{"start":{"line":79,"column":3},"end":{"line":81,"column":4}},"type":"if","locations":[{"start":{"line":79,"column":3},"end":{"line":81,"column":4}},{"start":{},"end":{}}],"line":79}},"s":{"0":2,"1":2,"2":2,"3":2,"4":0,"5":0,"6":0,"7":0,"8":2,"9":0,"10":0,"11":0,"12":0,"13":0,"14":0,"15":0,"16":0,"17":0,"18":2,"19":0,"20":0,"21":0,"22":0,"23":0,"24":2,"25":0,"26":0,"27":0,"28":0,"29":0,"30":2,"31":0,"32":0,"33":0,"34":0,"35":2,"36":2},"f":{"0":0,"1":0,"2":0,"3":0,"4":0},"b":{"0":[0,0],"1":[0,0],"2":[0,0],"3":[0,0],"4":[0,0]},"_coverageSchema":"1a1c01bbd47fc00a2c39e90264f33305004495a9","hash":"5fb93ce23612bad6ca0d96ef677f7e19f98a9932"}
,"C:\\Users\\S566606\\Desktop\\GDP2\\foodieFinds-final\\src\\Models\\userModel.js": {"path":"C:\\Users\\S566606\\Desktop\\GDP2\\foodieFinds-final\\src\\Models\\userModel.js","statementMap":{"0":{"start":{"line":1,"column":17},"end":{"line":1,"column":36}},"1":{"start":{"line":2,"column":13},"end":{"line":2,"column":32}},"2":{"start":{"line":4,"column":26},"end":{"line":48,"column":2}},"3":{"start":{"line":50,"column":19},"end":{"line":81,"column":2}},"4":{"start":{"line":84,"column":0},"end":{"line":89,"column":1}},"5":{"start":{"line":85,"column":17},"end":{"line":85,"column":21}},"6":{"start":{"line":86,"column":20},"end":{"line":86,"column":35}},"7":{"start":{"line":87,"column":4},"end":{"line":87,"column":27}},"8":{"start":{"line":88,"column":4},"end":{"line":88,"column":18}},"9":{"start":{"line":93,"column":0},"end":{"line":107,"column":1}},"10":{"start":{"line":94,"column":17},"end":{"line":94,"column":51}},"11":{"start":{"line":95,"column":4},"end":{"line":99,"column":5}},"12":{"start":{"line":97,"column":7},"end":{"line":97,"column":36}},"13":{"start":{"line":98,"column":7},"end":{"line":98,"column":31}},"14":{"start":{"line":100,"column":22},"end":{"line":100,"column":69}},"15":{"start":{"line":101,"column":4},"end":{"line":105,"column":5}},"16":{"start":{"line":103,"column":7},"end":{"line":103,"column":43}},"17":{"start":{"line":104,"column":7},"end":{"line":104,"column":23}},"18":{"start":{"line":106,"column":4},"end":{"line":106,"column":15}},"19":{"start":{"line":111,"column":0},"end":{"line":121,"column":1}},"20":{"start":{"line":113,"column":17},"end":{"line":113,"column":51}},"21":{"start":{"line":115,"column":4},"end":{"line":119,"column":5}},"22":{"start":{"line":117,"column":8},"end":{"line":117,"column":37}},"23":{"start":{"line":118,"column":8},"end":{"line":118,"column":31}},"24":{"start":{"line":120,"column":4},"end":{"line":120,"column":15}},"25":{"start":{"line":124,"column":0},"end":{"line":132,"column":1}},"26":{"start":{"line":125,"column":4},"end":{"line":125,"column":33}},"27":{"start":{"line":126,"column":17},"end":{"line":126,"column":53}},"28":{"start":{"line":128,"column":4},"end":{"line":130,"column":5}},"29":{"start":{"line":129,"column":8},"end":{"line":129,"column":41}},"30":{"start":{"line":131,"column":4},"end":{"line":131,"column":15}},"31":{"start":{"line":135,"column":0},"end":{"line":142,"column":3}},"32":{"start":{"line":136,"column":17},"end":{"line":136,"column":21}},"33":{"start":{"line":138,"column":3},"end":{"line":140,"column":4}},"34":{"start":{"line":139,"column":7},"end":{"line":139,"column":57}},"35":{"start":{"line":141,"column":4},"end":{"line":141,"column":10}},"36":{"start":{"line":146,"column":0},"end":{"line":153,"column":2}},"37":{"start":{"line":147,"column":17},"end":{"line":147,"column":21}},"38":{"start":{"line":148,"column":4},"end":{"line":151,"column":5}},"39":{"start":{"line":149,"column":8},"end":{"line":149,"column":52}},"40":{"start":{"line":150,"column":8},"end":{"line":150,"column":26}},"41":{"start":{"line":152,"column":4},"end":{"line":152,"column":16}},"42":{"start":{"line":156,"column":0},"end":{"line":161,"column":2}},"43":{"start":{"line":157,"column":17},"end":{"line":157,"column":21}},"44":{"start":{"line":158,"column":4},"end":{"line":158,"column":112}},"45":{"start":{"line":158,"column":69},"end":{"line":158,"column":110}},"46":{"start":{"line":159,"column":4},"end":{"line":159,"column":22}},"47":{"start":{"line":160,"column":4},"end":{"line":160,"column":16}},"48":{"start":{"line":164,"column":0},"end":{"line":177,"column":2}},"49":{"start":{"line":165,"column":17},"end":{"line":165,"column":21}},"50":{"start":{"line":166,"column":31},"end":{"line":171,"column":5}},"51":{"start":{"line":168,"column":8},"end":{"line":168,"column":114}},"52":{"start":{"line":172,"column":4},"end":{"line":175,"column":5}},"53":{"start":{"line":173,"column":8},"end":{"line":173,"column":60}},"54":{"start":{"line":174,"column":8},"end":{"line":174,"column":26}},"55":{"start":{"line":176,"column":4},"end":{"line":176,"column":16}},"56":{"start":{"line":180,"column":0},"end":{"line":187,"column":2}},"57":{"start":{"line":181,"column":17},"end":{"line":181,"column":21}},"58":{"start":{"line":182,"column":4},"end":{"line":184,"column":6}},"59":{"start":{"line":183,"column":8},"end":{"line":183,"column":117}},"60":{"start":{"line":185,"column":4},"end":{"line":185,"column":22}},"61":{"start":{"line":186,"column":4},"end":{"line":186,"column":16}},"62":{"start":{"line":191,"column":18},"end":{"line":191,"column":78}},"63":{"start":{"line":193,"column":0},"end":{"line":193,"column":24}}},"fnMap":{"0":{"name":"(anonymous_0)","decl":{"start":{"line":84,"column":28},"end":{"line":84,"column":29}},"loc":{"start":{"line":84,"column":38},"end":{"line":89,"column":1}},"line":84},"1":{"name":"(anonymous_1)","decl":{"start":{"line":93,"column":39},"end":{"line":93,"column":40}},"loc":{"start":{"line":93,"column":68},"end":{"line":107,"column":1}},"line":93},"2":{"name":"(anonymous_2)","decl":{"start":{"line":111,"column":33},"end":{"line":111,"column":34}},"loc":{"start":{"line":111,"column":50},"end":{"line":121,"column":1}},"line":111},"3":{"name":"(anonymous_3)","decl":{"start":{"line":124,"column":34},"end":{"line":124,"column":35}},"loc":{"start":{"line":124,"column":48},"end":{"line":132,"column":1}},"line":124},"4":{"name":"(anonymous_4)","decl":{"start":{"line":135,"column":22},"end":{"line":135,"column":23}},"loc":{"start":{"line":135,"column":44},"end":{"line":142,"column":1}},"line":135},"5":{"name":"(anonymous_5)","decl":{"start":{"line":146,"column":43},"end":{"line":146,"column":44}},"loc":{"start":{"line":146,"column":72},"end":{"line":153,"column":1}},"line":146},"6":{"name":"(anonymous_6)","decl":{"start":{"line":156,"column":46},"end":{"line":156,"column":47}},"loc":{"start":{"line":156,"column":75},"end":{"line":161,"column":1}},"line":156},"7":{"name":"(anonymous_7)","decl":{"start":{"line":158,"column":63},"end":{"line":158,"column":64}},"loc":{"start":{"line":158,"column":69},"end":{"line":158,"column":110}},"line":158},"8":{"name":"(anonymous_8)","decl":{"start":{"line":164,"column":37},"end":{"line":164,"column":38}},"loc":{"start":{"line":164,"column":76},"end":{"line":177,"column":1}},"line":164},"9":{"name":"(anonymous_9)","decl":{"start":{"line":166,"column":55},"end":{"line":166,"column":56}},"loc":{"start":{"line":166,"column":62},"end":{"line":169,"column":5}},"line":166},"10":{"name":"(anonymous_10)","decl":{"start":{"line":180,"column":40},"end":{"line":180,"column":41}},"loc":{"start":{"line":180,"column":79},"end":{"line":187,"column":1}},"line":180},"11":{"name":"(anonymous_11)","decl":{"start":{"line":182,"column":51},"end":{"line":182,"column":52}},"loc":{"start":{"line":183,"column":8},"end":{"line":183,"column":117}},"line":183}},"branchMap":{"0":{"loc":{"start":{"line":95,"column":4},"end":{"line":99,"column":5}},"type":"if","locations":[{"start":{"line":95,"column":4},"end":{"line":99,"column":5}},{"start":{},"end":{}}],"line":95},"1":{"loc":{"start":{"line":101,"column":4},"end":{"line":105,"column":5}},"type":"if","locations":[{"start":{"line":101,"column":4},"end":{"line":105,"column":5}},{"start":{},"end":{}}],"line":101},"2":{"loc":{"start":{"line":115,"column":4},"end":{"line":119,"column":5}},"type":"if","locations":[{"start":{"line":115,"column":4},"end":{"line":119,"column":5}},{"start":{},"end":{}}],"line":115},"3":{"loc":{"start":{"line":128,"column":4},"end":{"line":130,"column":5}},"type":"if","locations":[{"start":{"line":128,"column":4},"end":{"line":130,"column":5}},{"start":{},"end":{}}],"line":128},"4":{"loc":{"start":{"line":138,"column":3},"end":{"line":140,"column":4}},"type":"if","locations":[{"start":{"line":138,"column":3},"end":{"line":140,"column":4}},{"start":{},"end":{}}],"line":138},"5":{"loc":{"start":{"line":148,"column":4},"end":{"line":151,"column":5}},"type":"if","locations":[{"start":{"line":148,"column":4},"end":{"line":151,"column":5}},{"start":{},"end":{}}],"line":148},"6":{"loc":{"start":{"line":168,"column":8},"end":{"line":168,"column":114}},"type":"binary-expr","locations":[{"start":{"line":168,"column":8},"end":{"line":168,"column":63}},{"start":{"line":168,"column":67},"end":{"line":168,"column":114}}],"line":168},"7":{"loc":{"start":{"line":172,"column":4},"end":{"line":175,"column":5}},"type":"if","locations":[{"start":{"line":172,"column":4},"end":{"line":175,"column":5}},{"start":{},"end":{}}],"line":172},"8":{"loc":{"start":{"line":183,"column":10},"end":{"line":183,"column":116}},"type":"binary-expr","locations":[{"start":{"line":183,"column":10},"end":{"line":183,"column":65}},{"start":{"line":183,"column":69},"end":{"line":183,"column":116}}],"line":183},"9":{"loc":{"start":{"line":191,"column":18},"end":{"line":191,"column":78}},"type":"binary-expr","locations":[{"start":{"line":191,"column":18},"end":{"line":191,"column":39}},{"start":{"line":191,"column":43},"end":{"line":191,"column":78}}],"line":191}},"s":{"0":2,"1":2,"2":2,"3":2,"4":2,"5":0,"6":0,"7":0,"8":0,"9":2,"10":0,"11":0,"12":0,"13":0,"14":0,"15":0,"16":0,"17":0,"18":0,"19":2,"20":0,"21":0,"22":0,"23":0,"24":0,"25":2,"26":0,"27":0,"28":0,"29":0,"30":0,"31":2,"32":0,"33":0,"34":0,"35":0,"36":2,"37":0,"38":0,"39":0,"40":0,"41":0,"42":2,"43":0,"44":0,"45":0,"46":0,"47":0,"48":2,"49":0,"50":0,"51":0,"52":0,"53":0,"54":0,"55":0,"56":2,"57":0,"58":0,"59":0,"60":0,"61":0,"62":2,"63":2},"f":{"0":0,"1":0,"2":0,"3":0,"4":0,"5":0,"6":0,"7":0,"8":0,"9":0,"10":0,"11":0},"b":{"0":[0,0],"1":[0,0],"2":[0,0],"3":[0,0],"4":[0,0],"5":[0,0],"6":[0,0],"7":[0,0],"8":[0,0],"9":[2,2]},"_coverageSchema":"1a1c01bbd47fc00a2c39e90264f33305004495a9","hash":"0518a78a0681dc7935c4159923c782223efb4fec"}
}
