TN:
SF:src\emails.js
FN:6,(anonymous_0)
FN:22,(anonymous_1)
FN:23,(anonymous_2)
FN:34,(anonymous_3)
FN:50,(anonymous_4)
FN:51,(anonymous_5)
FNF:6
FNH:0
FNDA:0,(anonymous_0)
FNDA:0,(anonymous_1)
FNDA:0,(anonymous_2)
FNDA:0,(anonymous_3)
FNDA:0,(anonymous_4)
FNDA:0,(anonymous_5)
DA:1,2
DA:2,2
DA:3,2
DA:4,2
DA:6,2
DA:7,0
DA:14,0
DA:22,0
DA:23,0
DA:24,0
DA:25,0
DA:27,0
DA:28,0
DA:34,2
DA:35,0
DA:42,0
DA:50,0
DA:51,0
DA:52,0
DA:53,0
DA:55,0
DA:56,0
DA:62,2
LF:23
LH:7
BRDA:24,0,0,0
BRDA:24,0,1,0
BRDA:52,1,0,0
BRDA:52,1,1,0
BRF:4
BRH:0
end_of_record
TN:
SF:src\Controllers\Controllers.js
FN:23,(anonymous_0)
FN:43,(anonymous_1)
FN:63,(anonymous_2)
FN:71,(anonymous_3)
FN:83,(anonymous_4)
FN:100,(anonymous_5)
FN:120,(anonymous_6)
FN:133,(anonymous_7)
FN:156,(anonymous_8)
FN:172,(anonymous_9)
FN:203,(anonymous_10)
FN:219,(anonymous_11)
FN:247,(anonymous_12)
FN:257,(anonymous_13)
FN:275,(anonymous_14)
FN:295,(anonymous_15)
FN:310,(anonymous_16)
FN:329,(anonymous_17)
FNF:18
FNH:8
FNDA:0,(anonymous_0)
FNDA:0,(anonymous_1)
FNDA:0,(anonymous_2)
FNDA:0,(anonymous_3)
FNDA:0,(anonymous_4)
FNDA:0,(anonymous_5)
FNDA:0,(anonymous_6)
FNDA:1,(anonymous_7)
FNDA:0,(anonymous_8)
FNDA:0,(anonymous_9)
FNDA:1,(anonymous_10)
FNDA:2,(anonymous_11)
FNDA:2,(anonymous_12)
FNDA:2,(anonymous_13)
FNDA:0,(anonymous_14)
FNDA:1,(anonymous_15)
FNDA:1,(anonymous_16)
FNDA:1,(anonymous_17)
DA:1,1
DA:2,1
DA:3,1
DA:4,1
DA:5,1
DA:7,1
DA:8,1
DA:9,1
DA:14,1
DA:23,1
DA:24,0
DA:25,0
DA:26,0
DA:27,0
DA:29,0
DA:30,0
DA:31,0
DA:34,0
DA:38,0
DA:43,1
DA:44,0
DA:45,0
DA:46,0
DA:47,0
DA:49,0
DA:51,0
DA:52,0
DA:54,0
DA:55,0
DA:59,0
DA:63,1
DA:64,0
DA:65,0
DA:66,0
DA:68,0
DA:69,0
DA:70,0
DA:71,0
DA:72,0
DA:75,0
DA:79,0
DA:83,1
DA:84,0
DA:85,0
DA:86,0
DA:87,0
DA:88,0
DA:90,0
DA:95,0
DA:100,1
DA:101,0
DA:102,0
DA:105,0
DA:106,0
DA:107,0
DA:110,0
DA:112,0
DA:114,0
DA:116,0
DA:120,1
DA:121,0
DA:122,0
DA:123,0
DA:124,0
DA:126,0
DA:129,0
DA:133,1
DA:134,1
DA:136,1
DA:137,1
DA:139,1
DA:149,1
DA:150,1
DA:152,0
DA:156,1
DA:157,0
DA:158,0
DA:160,0
DA:162,0
DA:163,0
DA:165,0
DA:166,0
DA:168,0
DA:172,1
DA:173,0
DA:174,0
DA:175,0
DA:176,0
DA:178,0
DA:187,0
DA:188,0
DA:190,0
DA:192,0
DA:193,0
DA:196,0
DA:198,0
DA:199,0
DA:203,1
DA:204,1
DA:205,1
DA:207,1
DA:209,1
DA:210,0
DA:213,1
DA:215,0
DA:219,1
DA:220,2
DA:221,2
DA:222,2
DA:224,2
DA:225,2
DA:226,1
DA:229,1
DA:237,1
DA:238,1
DA:240,1
DA:243,0
DA:247,1
DA:248,2
DA:249,2
DA:251,2
DA:252,2
DA:253,0
DA:256,2
DA:257,2
DA:260,2
DA:261,1
DA:264,1
DA:265,1
DA:267,1
DA:270,0
DA:275,1
DA:276,0
DA:277,0
DA:282,0
DA:283,0
DA:286,0
DA:288,0
DA:289,0
DA:295,1
DA:296,1
DA:297,1
DA:299,1
DA:300,0
DA:303,1
DA:306,0
DA:310,1
DA:311,1
DA:312,1
DA:313,1
DA:315,1
DA:316,1
DA:317,1
DA:318,1
DA:319,1
DA:322,0
DA:325,0
DA:329,1
DA:330,1
DA:331,1
DA:332,1
DA:334,1
DA:335,1
DA:336,1
DA:337,1
DA:338,1
DA:341,0
DA:344,0
DA:351,1
LF:169
LH:78
BRDA:25,0,0,0
BRDA:25,0,1,0
BRDA:29,1,0,0
BRDA:29,1,1,0
BRDA:45,2,0,0
BRDA:45,2,1,0
BRDA:49,3,0,0
BRDA:49,3,1,0
BRDA:65,4,0,0
BRDA:65,4,1,0
BRDA:86,5,0,0
BRDA:86,5,1,0
BRDA:86,6,0,0
BRDA:86,6,1,0
BRDA:106,7,0,0
BRDA:106,7,1,0
BRDA:123,8,0,0
BRDA:123,8,1,0
BRDA:137,9,0,1
BRDA:137,9,1,0
BRDA:162,10,0,0
BRDA:162,10,1,0
BRDA:176,11,0,0
BRDA:176,11,1,0
BRDA:188,12,0,0
BRDA:188,12,1,0
BRDA:192,13,0,0
BRDA:192,13,1,0
BRDA:209,14,0,0
BRDA:209,14,1,1
BRDA:222,15,0,1
BRDA:222,15,1,1
BRDA:225,16,0,1
BRDA:225,16,1,1
BRDA:252,17,0,0
BRDA:252,17,1,2
BRDA:257,18,0,2
BRDA:257,18,1,1
BRDA:260,19,0,1
BRDA:260,19,1,1
BRDA:282,20,0,0
BRDA:282,20,1,0
BRDA:282,21,0,0
BRDA:282,21,1,0
BRDA:299,22,0,0
BRDA:299,22,1,1
BRDA:299,23,0,1
BRDA:299,23,1,1
BRDA:315,24,0,1
BRDA:315,24,1,0
BRDA:334,25,0,1
BRDA:334,25,1,0
BRF:52
BRH:16
end_of_record
TN:
SF:src\Controllers\timeSlotGenerator.js
FN:1,(anonymous_0)
FN:11,(anonymous_1)
FN:30,(anonymous_2)
FNF:3
FNH:0
FNDA:0,(anonymous_0)
FNDA:0,(anonymous_1)
FNDA:0,(anonymous_2)
DA:1,2
DA:2,0
DA:3,0
DA:5,0
DA:6,0
DA:8,0
DA:11,2
DA:12,0
DA:14,0
DA:15,0
DA:17,0
DA:18,0
DA:20,0
DA:21,0
DA:23,0
DA:24,0
DA:26,0
DA:27,0
DA:28,0
DA:30,0
DA:31,0
DA:32,0
DA:33,0
DA:34,0
DA:37,0
DA:45,2
LF:26
LH:3
BRDA:5,0,0,0
BRDA:5,0,1,0
BRDA:5,1,0,0
BRDA:5,1,1,0
BRDA:6,2,0,0
BRDA:6,2,1,0
BRDA:6,3,0,0
BRDA:6,3,1,0
BRDA:31,4,0,0
BRDA:31,4,1,0
BRDA:33,5,0,0
BRDA:33,5,1,0
BRF:12
BRH:0
end_of_record
TN:
SF:src\Controllers\userControllers.js
FN:12,(anonymous_0)
FN:32,(anonymous_1)
FN:54,(anonymous_2)
FN:69,(anonymous_3)
FN:98,(anonymous_4)
FN:113,(anonymous_5)
FN:121,(anonymous_6)
FN:133,(anonymous_7)
FN:150,(anonymous_8)
FN:171,(anonymous_9)
FN:183,(anonymous_10)
FN:184,(anonymous_11)
FN:194,(anonymous_12)
FN:207,(anonymous_13)
FN:241,(anonymous_14)
FN:262,(anonymous_15)
FN:283,(anonymous_16)
FN:304,(anonymous_17)
FN:327,(anonymous_18)
FN:346,(anonymous_19)
FN:360,(anonymous_20)
FN:366,(anonymous_21)
FN:367,(anonymous_22)
FN:382,(anonymous_23)
FN:403,(anonymous_24)
FNF:25
FNH:10
FNDA:3,(anonymous_0)
FNDA:2,(anonymous_1)
FNDA:0,(anonymous_2)
FNDA:2,(anonymous_3)
FNDA:1,(anonymous_4)
FNDA:1,(anonymous_5)
FNDA:0,(anonymous_6)
FNDA:0,(anonymous_7)
FNDA:2,(anonymous_8)
FNDA:0,(anonymous_9)
FNDA:0,(anonymous_10)
FNDA:0,(anonymous_11)
FNDA:2,(anonymous_12)
FNDA:1,(anonymous_13)
FNDA:2,(anonymous_14)
FNDA:0,(anonymous_15)
FNDA:0,(anonymous_16)
FNDA:0,(anonymous_17)
FNDA:0,(anonymous_18)
FNDA:0,(anonymous_19)
FNDA:0,(anonymous_20)
FNDA:0,(anonymous_21)
FNDA:0,(anonymous_22)
FNDA:2,(anonymous_23)
FNDA:0,(anonymous_24)
DA:1,1
DA:2,1
DA:3,1
DA:4,1
DA:5,1
DA:6,1
DA:7,1
DA:8,1
DA:12,1
DA:13,3
DA:14,3
DA:15,3
DA:16,3
DA:18,2
DA:19,1
DA:20,1
DA:22,1
DA:27,1
DA:32,1
DA:33,2
DA:34,2
DA:35,1
DA:36,1
DA:38,1
DA:40,1
DA:41,1
DA:43,0
DA:44,0
DA:46,1
DA:50,0
DA:54,1
DA:55,0
DA:56,0
DA:57,0
DA:58,0
DA:59,0
DA:61,0
DA:63,0
DA:64,0
DA:69,1
DA:70,2
DA:71,2
DA:72,2
DA:74,2
DA:75,1
DA:78,1
DA:79,1
DA:80,0
DA:83,1
DA:84,1
DA:86,1
DA:87,1
DA:90,1
DA:91,1
DA:93,0
DA:94,0
DA:98,1
DA:99,1
DA:100,1
DA:101,1
DA:102,1
DA:103,0
DA:105,1
DA:108,0
DA:113,1
DA:114,1
DA:115,1
DA:116,1
DA:118,1
DA:119,1
DA:120,1
DA:121,1
DA:122,0
DA:125,1
DA:129,0
DA:133,1
DA:134,0
DA:135,0
DA:136,0
DA:137,0
DA:138,0
DA:140,0
DA:145,0
DA:150,1
DA:151,2
DA:152,2
DA:155,2
DA:156,2
DA:157,1
DA:160,1
DA:162,1
DA:164,1
DA:166,0
DA:171,1
DA:172,0
DA:173,0
DA:174,0
DA:175,0
DA:177,0
DA:178,0
DA:181,0
DA:183,0
DA:184,0
DA:187,0
DA:188,0
DA:190,0
DA:194,1
DA:195,2
DA:196,2
DA:197,2
DA:198,1
DA:200,1
DA:203,0
DA:207,1
DA:208,1
DA:209,1
DA:210,1
DA:212,1
DA:224,1
DA:230,1
DA:231,0
DA:234,1
DA:237,0
DA:241,1
DA:242,2
DA:243,2
DA:245,2
DA:251,2
DA:252,1
DA:255,1
DA:258,0
DA:262,1
DA:263,0
DA:264,0
DA:266,0
DA:272,0
DA:273,0
DA:276,0
DA:279,0
DA:283,1
DA:284,0
DA:285,0
DA:287,0
DA:293,0
DA:294,0
DA:297,0
DA:300,0
DA:304,1
DA:305,0
DA:306,0
DA:308,0
DA:310,0
DA:311,0
DA:314,0
DA:316,0
DA:317,0
DA:320,0
DA:323,0
DA:327,1
DA:328,0
DA:329,0
DA:331,0
DA:333,0
DA:334,0
DA:337,0
DA:339,0
DA:342,0
DA:346,1
DA:347,0
DA:348,0
DA:350,0
DA:354,0
DA:356,0
DA:360,1
DA:361,0
DA:362,0
DA:364,0
DA:366,0
DA:367,0
DA:370,0
DA:371,0
DA:374,0
DA:377,0
DA:382,1
DA:383,2
DA:384,2
DA:386,2
DA:387,2
DA:388,2
DA:389,1
DA:392,1
DA:393,1
DA:394,1
DA:396,1
DA:398,0
DA:403,1
DA:404,0
DA:406,0
DA:407,0
DA:408,0
DA:409,0
DA:412,0
DA:413,0
DA:414,0
DA:417,0
DA:418,0
DA:419,0
DA:421,0
DA:427,1
LF:209
LH:108
BRDA:14,0,0,3
BRDA:14,0,1,0
BRDA:18,1,0,1
BRDA:18,1,1,1
BRDA:34,2,0,1
BRDA:34,2,1,1
BRDA:38,3,0,1
BRDA:38,3,1,0
BRDA:58,4,0,0
BRDA:58,4,1,0
BRDA:74,5,0,1
BRDA:74,5,1,1
BRDA:74,6,0,2
BRDA:74,6,1,1
BRDA:79,7,0,0
BRDA:79,7,1,1
BRDA:86,8,0,1
BRDA:86,8,1,0
BRDA:102,9,0,0
BRDA:102,9,1,1
BRDA:115,10,0,1
BRDA:115,10,1,0
BRDA:136,11,0,0
BRDA:136,11,1,0
BRDA:136,12,0,0
BRDA:136,12,1,0
BRDA:156,13,0,1
BRDA:156,13,1,1
BRDA:177,14,0,0
BRDA:177,14,1,0
BRDA:197,15,0,1
BRDA:197,15,1,1
BRDA:230,16,0,0
BRDA:230,16,1,1
BRDA:251,17,0,1
BRDA:251,17,1,1
BRDA:272,18,0,0
BRDA:272,18,1,0
BRDA:293,19,0,0
BRDA:293,19,1,0
BRDA:310,20,0,0
BRDA:310,20,1,0
BRDA:316,21,0,0
BRDA:316,21,1,0
BRDA:333,22,0,0
BRDA:333,22,1,0
BRDA:370,23,0,0
BRDA:370,23,1,0
BRDA:388,24,0,1
BRDA:388,24,1,1
BRDA:408,25,0,0
BRDA:408,25,1,0
BRDA:413,26,0,0
BRDA:413,26,1,0
BRF:54
BRH:23
end_of_record
TN:
SF:src\Models\RestaurantModel.js
FN:43,(anonymous_0)
FN:53,(anonymous_1)
FN:63,(anonymous_2)
FN:64,(anonymous_3)
FN:69,(anonymous_4)
FNF:5
FNH:0
FNDA:0,(anonymous_0)
FNDA:0,(anonymous_1)
FNDA:0,(anonymous_2)
FNDA:0,(anonymous_3)
FNDA:0,(anonymous_4)
DA:1,2
DA:4,2
DA:14,2
DA:22,2
DA:43,2
DA:44,0
DA:45,0
DA:46,0
DA:48,0
DA:53,2
DA:54,0
DA:55,0
DA:56,0
DA:58,0
DA:63,2
DA:64,0
DA:65,0
DA:69,2
DA:70,0
DA:71,0
DA:75,2
DA:77,2
LF:22
LH:10
BRDA:65,0,0,0
BRDA:65,0,1,0
BRDA:71,1,0,0
BRDA:71,1,1,0
BRF:4
BRH:0
end_of_record
TN:
SF:src\Models\adminModels.js
FN:25,(anonymous_0)
FN:34,(anonymous_1)
FN:52,(anonymous_2)
FN:65,(anonymous_3)
FN:76,(anonymous_4)
FNF:5
FNH:0
FNDA:0,(anonymous_0)
FNDA:0,(anonymous_1)
FNDA:0,(anonymous_2)
FNDA:0,(anonymous_3)
FNDA:0,(anonymous_4)
DA:1,2
DA:2,2
DA:4,2
DA:25,2
DA:26,0
DA:27,0
DA:28,0
DA:29,0
DA:34,2
DA:35,0
DA:36,0
DA:38,0
DA:39,0
DA:41,0
DA:42,0
DA:44,0
DA:45,0
DA:47,0
DA:52,2
DA:54,0
DA:56,0
DA:58,0
DA:59,0
DA:61,0
DA:65,2
DA:66,0
DA:67,0
DA:69,0
DA:70,0
DA:72,0
DA:76,2
DA:77,0
DA:79,0
DA:80,0
DA:82,0
DA:86,2
DA:88,2
LF:37
LH:10
BRDA:36,0,0,0
BRDA:36,0,1,0
BRDA:42,1,0,0
BRDA:42,1,1,0
BRDA:56,2,0,0
BRDA:56,2,1,0
BRDA:69,3,0,0
BRDA:69,3,1,0
BRDA:79,4,0,0
BRDA:79,4,1,0
BRF:10
BRH:0
end_of_record
TN:
SF:src\Models\userModel.js
FN:84,(anonymous_0)
FN:93,(anonymous_1)
FN:111,(anonymous_2)
FN:124,(anonymous_3)
FN:135,(anonymous_4)
FN:146,(anonymous_5)
FN:156,(anonymous_6)
FN:158,(anonymous_7)
FN:164,(anonymous_8)
FN:166,(anonymous_9)
FN:180,(anonymous_10)
FN:182,(anonymous_11)
FNF:12
FNH:0
FNDA:0,(anonymous_0)
FNDA:0,(anonymous_1)
FNDA:0,(anonymous_2)
FNDA:0,(anonymous_3)
FNDA:0,(anonymous_4)
FNDA:0,(anonymous_5)
FNDA:0,(anonymous_6)
FNDA:0,(anonymous_7)
FNDA:0,(anonymous_8)
FNDA:0,(anonymous_9)
FNDA:0,(anonymous_10)
FNDA:0,(anonymous_11)
DA:1,2
DA:2,2
DA:4,2
DA:50,2
DA:84,2
DA:85,0
DA:86,0
DA:87,0
DA:88,0
DA:93,2
DA:94,0
DA:95,0
DA:97,0
DA:98,0
DA:100,0
DA:101,0
DA:103,0
DA:104,0
DA:106,0
DA:111,2
DA:113,0
DA:115,0
DA:117,0
DA:118,0
DA:120,0
DA:124,2
DA:125,0
DA:126,0
DA:128,0
DA:129,0
DA:131,0
DA:135,2
DA:136,0
DA:138,0
DA:139,0
DA:141,0
DA:146,2
DA:147,0
DA:148,0
DA:149,0
DA:150,0
DA:152,0
DA:156,2
DA:157,0
DA:158,0
DA:159,0
DA:160,0
DA:164,2
DA:165,0
DA:166,0
DA:168,0
DA:172,0
DA:173,0
DA:174,0
DA:176,0
DA:180,2
DA:181,0
DA:182,0
DA:183,0
DA:185,0
DA:186,0
DA:191,2
DA:193,2
LF:63
LH:15
BRDA:95,0,0,0
BRDA:95,0,1,0
BRDA:101,1,0,0
BRDA:101,1,1,0
BRDA:115,2,0,0
BRDA:115,2,1,0
BRDA:128,3,0,0
BRDA:128,3,1,0
BRDA:138,4,0,0
BRDA:138,4,1,0
BRDA:148,5,0,0
BRDA:148,5,1,0
BRDA:168,6,0,0
BRDA:168,6,1,0
BRDA:172,7,0,0
BRDA:172,7,1,0
BRDA:183,8,0,0
BRDA:183,8,1,0
BRDA:191,9,0,2
BRDA:191,9,1,2
BRF:20
BRH:2
end_of_record
